ERROR [main] portico.lrc: federation exists: ExampleFederation
org.portico.lrc.compat.JFederationExecutionAlreadyExists: federation exists: ExampleFederation
	at org.portico.bindings.jgroups.LrcConnection.createFederation(LrcConnection.java:163)
	at org.portico.lrc.services.federation.handlers.outgoing.CreateFederationHandler.process(CreateFederationHandler.java:74)
	at org.portico.utils.messaging.MessageSink.process(MessageSink.java:187)
	at org.portico.impl.hla13.Impl13Helper.processMessage(Impl13Helper.java:123)
	at org.portico.impl.hla13.Rti13Ambassador.processMessage(Rti13Ambassador.java:5822)
	at org.portico.impl.hla13.Rti13Ambassador.createFederationExecution(Rti13Ambassador.java:194)
	at hla13.clinic.doctor.DoctorFederate.runFederate(ConsumerFederate.java:32)
	at hla13.clinic.doctor.DoctorFederate.main(ConsumerFederate.java:179)
ERROR [main] portico.lrc: FAILURE Regiser sync point [ReadyToRun] by [ConsumerFederate]: already registered
ERROR [main] portico.lrc: FAILURE Register sync point [ReadyToRun] by [ConsumerFederate]: label already registered
ERROR [main] portico.lrc: federation exists: ExampleFederation
org.portico.lrc.compat.JFederationExecutionAlreadyExists: federation exists: ExampleFederation
	at org.portico.bindings.jgroups.LrcConnection.createFederation(LrcConnection.java:163)
	at org.portico.lrc.services.federation.handlers.outgoing.CreateFederationHandler.process(CreateFederationHandler.java:74)
	at org.portico.utils.messaging.MessageSink.process(MessageSink.java:187)
	at org.portico.impl.hla13.Impl13Helper.processMessage(Impl13Helper.java:123)
	at org.portico.impl.hla13.Rti13Ambassador.processMessage(Rti13Ambassador.java:5822)
	at org.portico.impl.hla13.Rti13Ambassador.createFederationExecution(Rti13Ambassador.java:194)
	at hla13.clinic.patient.ProducerFederate.runFederate(ProducerFederate.java:30)
	at hla13.clinic.patient.ProducerFederate.main(ProducerFederate.java:172)
ERROR [main] portico.lrc: FAILURE Regiser sync point [ReadyToRun] by [ProducerFederate]: already registered
ERROR [main] portico.lrc: FAILURE Register sync point [ReadyToRun] by [ProducerFederate]: label already registered
ERROR [main] portico.lrc: federation exists: ExampleFederation
org.portico.lrc.compat.JFederationExecutionAlreadyExists: federation exists: ExampleFederation
	at org.portico.bindings.jgroups.LrcConnection.createFederation(LrcConnection.java:163)
	at org.portico.lrc.services.federation.handlers.outgoing.CreateFederationHandler.process(CreateFederationHandler.java:74)
	at org.portico.utils.messaging.MessageSink.process(MessageSink.java:187)
	at org.portico.impl.hla13.Impl13Helper.processMessage(Impl13Helper.java:123)
	at org.portico.impl.hla13.Rti13Ambassador.processMessage(Rti13Ambassador.java:5822)
	at org.portico.impl.hla13.Rti13Ambassador.createFederationExecution(Rti13Ambassador.java:194)
	at hla13.clinic.que.QueFederate.runFederate(StorageFederate.java:34)
	at hla13.clinic.que.QueFederate.main(StorageFederate.java:232)
ERROR [main] portico.lrc: FAILURE Regiser sync point [ReadyToRun] by [StorageFederate]: already registered
ERROR [main] portico.lrc: FAILURE Register sync point [ReadyToRun] by [StorageFederate]: label already registered
ERROR [main] portico.lrc: federation exists: ExampleFederation
org.portico.lrc.compat.JFederationExecutionAlreadyExists: federation exists: ExampleFederation
	at org.portico.bindings.jgroups.LrcConnection.createFederation(LrcConnection.java:163)
	at org.portico.lrc.services.federation.handlers.outgoing.CreateFederationHandler.process(CreateFederationHandler.java:74)
	at org.portico.utils.messaging.MessageSink.process(MessageSink.java:187)
	at org.portico.impl.hla13.Impl13Helper.processMessage(Impl13Helper.java:123)
	at org.portico.impl.hla13.Rti13Ambassador.processMessage(Rti13Ambassador.java:5822)
	at org.portico.impl.hla13.Rti13Ambassador.createFederationExecution(Rti13Ambassador.java:194)
	at hla13.clinic.patient.ProducerFederate.runFederate(ProducerFederate.java:30)
	at hla13.clinic.patient.ProducerFederate.main(ProducerFederate.java:172)
ERROR [main] portico.lrc: FAILURE Regiser sync point [ReadyToRun] by [ProducerFederate]: already registered
ERROR [main] portico.lrc: FAILURE Register sync point [ReadyToRun] by [ProducerFederate]: label already registered
ERROR [main] portico.lrc: federation exists: ExampleFederation
org.portico.lrc.compat.JFederationExecutionAlreadyExists: federation exists: ExampleFederation
	at org.portico.bindings.jgroups.LrcConnection.createFederation(LrcConnection.java:163)
	at org.portico.lrc.services.federation.handlers.outgoing.CreateFederationHandler.process(CreateFederationHandler.java:74)
	at org.portico.utils.messaging.MessageSink.process(MessageSink.java:187)
	at org.portico.impl.hla13.Impl13Helper.processMessage(Impl13Helper.java:123)
	at org.portico.impl.hla13.Rti13Ambassador.processMessage(Rti13Ambassador.java:5822)
	at org.portico.impl.hla13.Rti13Ambassador.createFederationExecution(Rti13Ambassador.java:194)
	at hla13.clinic.que.QueFederate.runFederate(StorageFederate.java:34)
	at hla13.clinic.que.QueFederate.main(StorageFederate.java:232)
ERROR [main] portico.lrc: FAILURE Regiser sync point [ReadyToRun] by [StorageFederate]: already registered
ERROR [main] portico.lrc: FAILURE Register sync point [ReadyToRun] by [StorageFederate]: label already registered
ERROR [main] portico.lrc: federation exists: ExampleFederation
org.portico.lrc.compat.JFederationExecutionAlreadyExists: federation exists: ExampleFederation
	at org.portico.bindings.jgroups.LrcConnection.createFederation(LrcConnection.java:163)
	at org.portico.lrc.services.federation.handlers.outgoing.CreateFederationHandler.process(CreateFederationHandler.java:74)
	at org.portico.utils.messaging.MessageSink.process(MessageSink.java:187)
	at org.portico.impl.hla13.Impl13Helper.processMessage(Impl13Helper.java:123)
	at org.portico.impl.hla13.Rti13Ambassador.processMessage(Rti13Ambassador.java:5822)
	at org.portico.impl.hla13.Rti13Ambassador.createFederationExecution(Rti13Ambassador.java:194)
	at hla13.clinic.patient.PatientFederate.runFederate(PatientFederate.java:32)
	at hla13.clinic.patient.PatientFederate.main(PatientFederate.java:179)
ERROR [main] portico.lrc: federate name in use: PhysicianFederate
org.portico.lrc.compat.JFederateAlreadyExecutionMember: federate name in use: PhysicianFederate
	at org.portico.bindings.jgroups.LrcConnection.joinFederation(LrcConnection.java:260)
	at org.portico.lrc.services.federation.handlers.outgoing.JoinFederationHandler.process(JoinFederationHandler.java:92)
	at org.portico.utils.messaging.MessageSink.process(MessageSink.java:187)
	at org.portico.impl.hla13.Impl13Helper.processMessage(Impl13Helper.java:123)
	at org.portico.impl.hla13.Rti13Ambassador.processMessage(Rti13Ambassador.java:5822)
	at org.portico.impl.hla13.Rti13Ambassador.joinFederationExecution(Rti13Ambassador.java:321)
	at hla13.clinic.patient.PatientFederate.runFederate(PatientFederate.java:48)
	at hla13.clinic.patient.PatientFederate.main(PatientFederate.java:179)
ERROR [main] portico.lrc: federation exists: ExampleFederation
org.portico.lrc.compat.JFederationExecutionAlreadyExists: federation exists: ExampleFederation
	at org.portico.bindings.jgroups.LrcConnection.createFederation(LrcConnection.java:163)
	at org.portico.lrc.services.federation.handlers.outgoing.CreateFederationHandler.process(CreateFederationHandler.java:74)
	at org.portico.utils.messaging.MessageSink.process(MessageSink.java:187)
	at org.portico.impl.hla13.Impl13Helper.processMessage(Impl13Helper.java:123)
	at org.portico.impl.hla13.Rti13Ambassador.processMessage(Rti13Ambassador.java:5822)
	at org.portico.impl.hla13.Rti13Ambassador.createFederationExecution(Rti13Ambassador.java:194)
	at hla13.clinic.physician.PhysicianFederate.runFederate(PhysicianFederate.java:32)
	at hla13.clinic.physician.PhysicianFederate.main(PhysicianFederate.java:179)
ERROR [main] portico.lrc: FAILURE Regiser sync point [ReadyToRun] by [PhysicianFederate]: already registered
ERROR [main] portico.lrc: FAILURE Register sync point [ReadyToRun] by [PhysicianFederate]: label already registered
ERROR [main] portico.lrc: federation exists: ExampleFederation
org.portico.lrc.compat.JFederationExecutionAlreadyExists: federation exists: ExampleFederation
	at org.portico.bindings.jgroups.LrcConnection.createFederation(LrcConnection.java:163)
	at org.portico.lrc.services.federation.handlers.outgoing.CreateFederationHandler.process(CreateFederationHandler.java:74)
	at org.portico.utils.messaging.MessageSink.process(MessageSink.java:187)
	at org.portico.impl.hla13.Impl13Helper.processMessage(Impl13Helper.java:123)
	at org.portico.impl.hla13.Rti13Ambassador.processMessage(Rti13Ambassador.java:5822)
	at org.portico.impl.hla13.Rti13Ambassador.createFederationExecution(Rti13Ambassador.java:194)
	at hla13.clinic.patient.PatientFederate.runFederate(PatientFederate.java:32)
	at hla13.clinic.patient.PatientFederate.main(PatientFederate.java:179)
ERROR [main] portico.lrc: FAILURE Regiser sync point [ReadyToRun] by [PatientFederate]: already registered
ERROR [main] portico.lrc: FAILURE Register sync point [ReadyToRun] by [PatientFederate]: label already registered
ERROR [main] portico.lrc: federation exists: ExampleFederation
org.portico.lrc.compat.JFederationExecutionAlreadyExists: federation exists: ExampleFederation
	at org.portico.bindings.jgroups.LrcConnection.createFederation(LrcConnection.java:163)
	at org.portico.lrc.services.federation.handlers.outgoing.CreateFederationHandler.process(CreateFederationHandler.java:74)
	at org.portico.utils.messaging.MessageSink.process(MessageSink.java:187)
	at org.portico.impl.hla13.Impl13Helper.processMessage(Impl13Helper.java:123)
	at org.portico.impl.hla13.Rti13Ambassador.processMessage(Rti13Ambassador.java:5822)
	at org.portico.impl.hla13.Rti13Ambassador.createFederationExecution(Rti13Ambassador.java:194)
	at hla13.clinic.patient.PatientFederate.runFederate(PatientFederate.java:30)
	at hla13.clinic.patient.PatientFederate.main(PatientFederate.java:172)
ERROR [main] portico.lrc: FAILURE Regiser sync point [ReadyToRun] by [ProducerFederate]: already registered
ERROR [main] portico.lrc: FAILURE Register sync point [ReadyToRun] by [ProducerFederate]: label already registered
ERROR [main] portico.lrc: federation exists: ExampleFederation
org.portico.lrc.compat.JFederationExecutionAlreadyExists: federation exists: ExampleFederation
	at org.portico.bindings.jgroups.LrcConnection.createFederation(LrcConnection.java:163)
	at org.portico.lrc.services.federation.handlers.outgoing.CreateFederationHandler.process(CreateFederationHandler.java:74)
	at org.portico.utils.messaging.MessageSink.process(MessageSink.java:187)
	at org.portico.impl.hla13.Impl13Helper.processMessage(Impl13Helper.java:123)
	at org.portico.impl.hla13.Rti13Ambassador.processMessage(Rti13Ambassador.java:5822)
	at org.portico.impl.hla13.Rti13Ambassador.createFederationExecution(Rti13Ambassador.java:194)
	at hla13.clinic.que.QueFederate.runFederate(QueFederate.java:35)
	at hla13.clinic.que.QueFederate.main(QueFederate.java:246)
ERROR [main] portico.lrc: FAILURE Regiser sync point [ReadyToRun] by [StorageFederate]: already registered
ERROR [main] portico.lrc: FAILURE Register sync point [ReadyToRun] by [StorageFederate]: label already registered
ERROR [main] portico.lrc: federation exists: ExampleFederation
org.portico.lrc.compat.JFederationExecutionAlreadyExists: federation exists: ExampleFederation
	at org.portico.bindings.jgroups.LrcConnection.createFederation(LrcConnection.java:163)
	at org.portico.lrc.services.federation.handlers.outgoing.CreateFederationHandler.process(CreateFederationHandler.java:74)
	at org.portico.utils.messaging.MessageSink.process(MessageSink.java:187)
	at org.portico.impl.hla13.Impl13Helper.processMessage(Impl13Helper.java:123)
	at org.portico.impl.hla13.Rti13Ambassador.processMessage(Rti13Ambassador.java:5822)
	at org.portico.impl.hla13.Rti13Ambassador.createFederationExecution(Rti13Ambassador.java:194)
	at hla13.clinic.patient.PatientFederate.runFederate(PatientFederate.java:30)
	at hla13.clinic.patient.PatientFederate.main(PatientFederate.java:172)
ERROR [main] portico.lrc: FAILURE Regiser sync point [ReadyToRun] by [ProducerFederate]: already registered
ERROR [main] portico.lrc: FAILURE Register sync point [ReadyToRun] by [ProducerFederate]: label already registered
ERROR [main] portico.lrc: federation exists: ExampleFederation
org.portico.lrc.compat.JFederationExecutionAlreadyExists: federation exists: ExampleFederation
	at org.portico.bindings.jgroups.LrcConnection.createFederation(LrcConnection.java:163)
	at org.portico.lrc.services.federation.handlers.outgoing.CreateFederationHandler.process(CreateFederationHandler.java:74)
	at org.portico.utils.messaging.MessageSink.process(MessageSink.java:187)
	at org.portico.impl.hla13.Impl13Helper.processMessage(Impl13Helper.java:123)
	at org.portico.impl.hla13.Rti13Ambassador.processMessage(Rti13Ambassador.java:5822)
	at org.portico.impl.hla13.Rti13Ambassador.createFederationExecution(Rti13Ambassador.java:194)
	at hla13.clinic.que.QueFederate.runFederate(QueFederate.java:35)
	at hla13.clinic.que.QueFederate.main(QueFederate.java:246)
ERROR [main] portico.lrc: FAILURE Regiser sync point [ReadyToRun] by [StorageFederate]: already registered
ERROR [main] portico.lrc: FAILURE Register sync point [ReadyToRun] by [StorageFederate]: label already registered
ERROR [main] portico.lrc: federation exists: ExampleFederation
org.portico.lrc.compat.JFederationExecutionAlreadyExists: federation exists: ExampleFederation
	at org.portico.bindings.jgroups.LrcConnection.createFederation(LrcConnection.java:163)
	at org.portico.lrc.services.federation.handlers.outgoing.CreateFederationHandler.process(CreateFederationHandler.java:74)
	at org.portico.utils.messaging.MessageSink.process(MessageSink.java:187)
	at org.portico.impl.hla13.Impl13Helper.processMessage(Impl13Helper.java:123)
	at org.portico.impl.hla13.Rti13Ambassador.processMessage(Rti13Ambassador.java:5822)
	at org.portico.impl.hla13.Rti13Ambassador.createFederationExecution(Rti13Ambassador.java:194)
	at hla13.clinic.doctor.DoctorFederate.runFederate(DoctorFederate.java:32)
	at hla13.clinic.doctor.DoctorFederate.main(DoctorFederate.java:170)
ERROR [main] portico.lrc: FAILURE Regiser sync point [ReadyToRun] by [DoctorFederate]: already registered
ERROR [main] portico.lrc: FAILURE Register sync point [ReadyToRun] by [DoctorFederate]: label already registered
ERROR [main] portico.lrc: federation exists: ExampleFederation
org.portico.lrc.compat.JFederationExecutionAlreadyExists: federation exists: ExampleFederation
	at org.portico.bindings.jgroups.LrcConnection.createFederation(LrcConnection.java:163)
	at org.portico.lrc.services.federation.handlers.outgoing.CreateFederationHandler.process(CreateFederationHandler.java:74)
	at org.portico.utils.messaging.MessageSink.process(MessageSink.java:187)
	at org.portico.impl.hla13.Impl13Helper.processMessage(Impl13Helper.java:123)
	at org.portico.impl.hla13.Rti13Ambassador.processMessage(Rti13Ambassador.java:5822)
	at org.portico.impl.hla13.Rti13Ambassador.createFederationExecution(Rti13Ambassador.java:194)
	at hla13.clinic.patient.PatientFederate.runFederate(PatientFederate.java:30)
	at hla13.clinic.patient.PatientFederate.main(PatientFederate.java:172)
ERROR [main] portico.lrc: FAILURE Regiser sync point [ReadyToRun] by [PatientFederate]: already registered
ERROR [main] portico.lrc: FAILURE Register sync point [ReadyToRun] by [PatientFederate]: label already registered
ERROR [main] portico.lrc: class [508] not published by [StorageFederate]
org.portico.lrc.compat.JObjectClassNotPublished: class [508] not published by [StorageFederate]
	at org.portico.lrc.services.object.handlers.outgoing.RegisterObjectHandler.checkPublished(RegisterObjectHandler.java:143)
	at org.portico.lrc.services.object.handlers.outgoing.RegisterObjectHandler.process(RegisterObjectHandler.java:87)
	at org.portico.utils.messaging.MessageSink.process(MessageSink.java:187)
	at org.portico.impl.hla13.Impl13Helper.processMessage(Impl13Helper.java:123)
	at org.portico.impl.hla13.Rti13Ambassador.processMessage(Rti13Ambassador.java:5822)
	at org.portico.impl.hla13.Rti13Ambassador.registerObjectInstance(Rti13Ambassador.java:1754)
	at hla13.clinic.que.QueFederate.publishAndSubscribe(QueFederate.java:178)
	at hla13.clinic.que.QueFederate.runFederate(QueFederate.java:72)
	at hla13.clinic.que.QueFederate.main(QueFederate.java:246)
ERROR [main] portico.lrc: federation exists: ExampleFederation
org.portico.lrc.compat.JFederationExecutionAlreadyExists: federation exists: ExampleFederation
	at org.portico.bindings.jgroups.LrcConnection.createFederation(LrcConnection.java:163)
	at org.portico.lrc.services.federation.handlers.outgoing.CreateFederationHandler.process(CreateFederationHandler.java:74)
	at org.portico.utils.messaging.MessageSink.process(MessageSink.java:187)
	at org.portico.impl.hla13.Impl13Helper.processMessage(Impl13Helper.java:123)
	at org.portico.impl.hla13.Rti13Ambassador.processMessage(Rti13Ambassador.java:5822)
	at org.portico.impl.hla13.Rti13Ambassador.createFederationExecution(Rti13Ambassador.java:194)
	at hla13.clinic.patient.PatientFederate.runFederate(PatientFederate.java:30)
	at hla13.clinic.patient.PatientFederate.main(PatientFederate.java:172)
ERROR [main] portico.lrc: FAILURE Regiser sync point [ReadyToRun] by [PatientFederate]: already registered
ERROR [main] portico.lrc: FAILURE Register sync point [ReadyToRun] by [PatientFederate]: label already registered
ERROR [main] portico.lrc: federation exists: ExampleFederation
org.portico.lrc.compat.JFederationExecutionAlreadyExists: federation exists: ExampleFederation
	at org.portico.bindings.jgroups.LrcConnection.createFederation(LrcConnection.java:163)
	at org.portico.lrc.services.federation.handlers.outgoing.CreateFederationHandler.process(CreateFederationHandler.java:74)
	at org.portico.utils.messaging.MessageSink.process(MessageSink.java:187)
	at org.portico.impl.hla13.Impl13Helper.processMessage(Impl13Helper.java:123)
	at org.portico.impl.hla13.Rti13Ambassador.processMessage(Rti13Ambassador.java:5822)
	at org.portico.impl.hla13.Rti13Ambassador.createFederationExecution(Rti13Ambassador.java:194)
	at hla13.clinic.que.QueFederate.runFederate(QueFederate.java:35)
	at hla13.clinic.que.QueFederate.main(QueFederate.java:246)
ERROR [main] portico.lrc: FAILURE Regiser sync point [ReadyToRun] by [QueFederate]: already registered
ERROR [main] portico.lrc: FAILURE Register sync point [ReadyToRun] by [QueFederate]: label already registered
ERROR [main] portico.lrc: class [508] not published by [QueFederate]
org.portico.lrc.compat.JObjectClassNotPublished: class [508] not published by [QueFederate]
	at org.portico.lrc.services.object.handlers.outgoing.RegisterObjectHandler.checkPublished(RegisterObjectHandler.java:143)
	at org.portico.lrc.services.object.handlers.outgoing.RegisterObjectHandler.process(RegisterObjectHandler.java:87)
	at org.portico.utils.messaging.MessageSink.process(MessageSink.java:187)
	at org.portico.impl.hla13.Impl13Helper.processMessage(Impl13Helper.java:123)
	at org.portico.impl.hla13.Rti13Ambassador.processMessage(Rti13Ambassador.java:5822)
	at org.portico.impl.hla13.Rti13Ambassador.registerObjectInstance(Rti13Ambassador.java:1754)
	at hla13.clinic.que.QueFederate.publishAndSubscribe(QueFederate.java:178)
	at hla13.clinic.que.QueFederate.runFederate(QueFederate.java:72)
	at hla13.clinic.que.QueFederate.main(QueFederate.java:246)
ERROR [main] portico.lrc: federation exists: ExampleFederation
org.portico.lrc.compat.JFederationExecutionAlreadyExists: federation exists: ExampleFederation
	at org.portico.bindings.jgroups.LrcConnection.createFederation(LrcConnection.java:163)
	at org.portico.lrc.services.federation.handlers.outgoing.CreateFederationHandler.process(CreateFederationHandler.java:74)
	at org.portico.utils.messaging.MessageSink.process(MessageSink.java:187)
	at org.portico.impl.hla13.Impl13Helper.processMessage(Impl13Helper.java:123)
	at org.portico.impl.hla13.Rti13Ambassador.processMessage(Rti13Ambassador.java:5822)
	at org.portico.impl.hla13.Rti13Ambassador.createFederationExecution(Rti13Ambassador.java:194)
	at hla13.clinic.patient.PatientFederate.runFederate(PatientFederate.java:30)
	at hla13.clinic.patient.PatientFederate.main(PatientFederate.java:172)
ERROR [main] portico.lrc: FAILURE Regiser sync point [ReadyToRun] by [PatientFederate]: already registered
ERROR [main] portico.lrc: FAILURE Register sync point [ReadyToRun] by [PatientFederate]: label already registered
ERROR [main] portico.lrc: federation exists: ExampleFederation
org.portico.lrc.compat.JFederationExecutionAlreadyExists: federation exists: ExampleFederation
	at org.portico.bindings.jgroups.LrcConnection.createFederation(LrcConnection.java:163)
	at org.portico.lrc.services.federation.handlers.outgoing.CreateFederationHandler.process(CreateFederationHandler.java:74)
	at org.portico.utils.messaging.MessageSink.process(MessageSink.java:187)
	at org.portico.impl.hla13.Impl13Helper.processMessage(Impl13Helper.java:123)
	at org.portico.impl.hla13.Rti13Ambassador.processMessage(Rti13Ambassador.java:5822)
	at org.portico.impl.hla13.Rti13Ambassador.createFederationExecution(Rti13Ambassador.java:194)
	at hla13.clinic.doctor.DoctorFederate.runFederate(DoctorFederate.java:32)
	at hla13.clinic.doctor.DoctorFederate.main(DoctorFederate.java:174)
ERROR [main] portico.lrc: FAILURE Regiser sync point [ReadyToRun] by [DoctorFederate]: already registered
ERROR [main] portico.lrc: FAILURE Register sync point [ReadyToRun] by [DoctorFederate]: label already registered
ERROR [main] portico.lrc: federation exists: ExampleFederation
org.portico.lrc.compat.JFederationExecutionAlreadyExists: federation exists: ExampleFederation
	at org.portico.bindings.jgroups.LrcConnection.createFederation(LrcConnection.java:163)
	at org.portico.lrc.services.federation.handlers.outgoing.CreateFederationHandler.process(CreateFederationHandler.java:74)
	at org.portico.utils.messaging.MessageSink.process(MessageSink.java:187)
	at org.portico.impl.hla13.Impl13Helper.processMessage(Impl13Helper.java:123)
	at org.portico.impl.hla13.Rti13Ambassador.processMessage(Rti13Ambassador.java:5822)
	at org.portico.impl.hla13.Rti13Ambassador.createFederationExecution(Rti13Ambassador.java:194)
	at hla13.clinic.patient.PatientFederate.runFederate(PatientFederate.java:30)
	at hla13.clinic.patient.PatientFederate.main(PatientFederate.java:172)
ERROR [main] portico.lrc: FAILURE Regiser sync point [ReadyToRun] by [PatientFederate]: already registered
ERROR [main] portico.lrc: FAILURE Register sync point [ReadyToRun] by [PatientFederate]: label already registered
ERROR [main] portico.lrc: federation exists: ExampleFederation
org.portico.lrc.compat.JFederationExecutionAlreadyExists: federation exists: ExampleFederation
	at org.portico.bindings.jgroups.LrcConnection.createFederation(LrcConnection.java:163)
	at org.portico.lrc.services.federation.handlers.outgoing.CreateFederationHandler.process(CreateFederationHandler.java:74)
	at org.portico.utils.messaging.MessageSink.process(MessageSink.java:187)
	at org.portico.impl.hla13.Impl13Helper.processMessage(Impl13Helper.java:123)
	at org.portico.impl.hla13.Rti13Ambassador.processMessage(Rti13Ambassador.java:5822)
	at org.portico.impl.hla13.Rti13Ambassador.createFederationExecution(Rti13Ambassador.java:194)
	at hla13.clinic.que.QueFederate.runFederate(QueFederate.java:35)
	at hla13.clinic.que.QueFederate.main(QueFederate.java:246)
ERROR [main] portico.lrc: FAILURE Regiser sync point [ReadyToRun] by [QueFederate]: already registered
ERROR [main] portico.lrc: FAILURE Register sync point [ReadyToRun] by [QueFederate]: label already registered
ERROR [main] portico.lrc: federation exists: ExampleFederation
org.portico.lrc.compat.JFederationExecutionAlreadyExists: federation exists: ExampleFederation
	at org.portico.bindings.jgroups.LrcConnection.createFederation(LrcConnection.java:163)
	at org.portico.lrc.services.federation.handlers.outgoing.CreateFederationHandler.process(CreateFederationHandler.java:74)
	at org.portico.utils.messaging.MessageSink.process(MessageSink.java:187)
	at org.portico.impl.hla13.Impl13Helper.processMessage(Impl13Helper.java:123)
	at org.portico.impl.hla13.Rti13Ambassador.processMessage(Rti13Ambassador.java:5822)
	at org.portico.impl.hla13.Rti13Ambassador.createFederationExecution(Rti13Ambassador.java:194)
	at hla13.clinic.patient.PatientFederate.runFederate(PatientFederate.java:30)
	at hla13.clinic.patient.PatientFederate.main(PatientFederate.java:172)
ERROR [main] portico.lrc: FAILURE Register sync point [ReadyToRun] by [PatientFederate]: already announced
ERROR [main] portico.lrc: federation exists: ExampleFederation
org.portico.lrc.compat.JFederationExecutionAlreadyExists: federation exists: ExampleFederation
	at org.portico.bindings.jgroups.LrcConnection.createFederation(LrcConnection.java:163)
	at org.portico.lrc.services.federation.handlers.outgoing.CreateFederationHandler.process(CreateFederationHandler.java:74)
	at org.portico.utils.messaging.MessageSink.process(MessageSink.java:187)
	at org.portico.impl.hla13.Impl13Helper.processMessage(Impl13Helper.java:123)
	at org.portico.impl.hla13.Rti13Ambassador.processMessage(Rti13Ambassador.java:5822)
	at org.portico.impl.hla13.Rti13Ambassador.createFederationExecution(Rti13Ambassador.java:194)
	at hla13.clinic.que.QueFederate.runFederate(QueFederate.java:35)
	at hla13.clinic.que.QueFederate.main(QueFederate.java:246)
ERROR [main] portico.lrc: FAILURE Regiser sync point [ReadyToRun] by [QueFederate]: already registered
ERROR [main] portico.lrc: FAILURE Register sync point [ReadyToRun] by [QueFederate]: label already registered
ERROR [main] portico.lrc: federation exists: ExampleFederation
org.portico.lrc.compat.JFederationExecutionAlreadyExists: federation exists: ExampleFederation
	at org.portico.bindings.jgroups.LrcConnection.createFederation(LrcConnection.java:163)
	at org.portico.lrc.services.federation.handlers.outgoing.CreateFederationHandler.process(CreateFederationHandler.java:74)
	at org.portico.utils.messaging.MessageSink.process(MessageSink.java:187)
	at org.portico.impl.hla13.Impl13Helper.processMessage(Impl13Helper.java:123)
	at org.portico.impl.hla13.Rti13Ambassador.processMessage(Rti13Ambassador.java:5822)
	at org.portico.impl.hla13.Rti13Ambassador.createFederationExecution(Rti13Ambassador.java:194)
	at hla13.clinic.doctor.DoctorFederate.runFederate(DoctorFederate.java:34)
	at hla13.clinic.doctor.DoctorFederate.main(DoctorFederate.java:199)
ERROR [main] portico.lrc: FAILURE Regiser sync point [ReadyToRun] by [DoctorFederate]: already registered
ERROR [main] portico.lrc: FAILURE Register sync point [ReadyToRun] by [DoctorFederate]: label already registered
ERROR [main] portico.lrc: federation exists: ExampleFederation
org.portico.lrc.compat.JFederationExecutionAlreadyExists: federation exists: ExampleFederation
	at org.portico.bindings.jgroups.LrcConnection.createFederation(LrcConnection.java:163)
	at org.portico.lrc.services.federation.handlers.outgoing.CreateFederationHandler.process(CreateFederationHandler.java:74)
	at org.portico.utils.messaging.MessageSink.process(MessageSink.java:187)
	at org.portico.impl.hla13.Impl13Helper.processMessage(Impl13Helper.java:123)
	at org.portico.impl.hla13.Rti13Ambassador.processMessage(Rti13Ambassador.java:5822)
	at org.portico.impl.hla13.Rti13Ambassador.createFederationExecution(Rti13Ambassador.java:194)
	at hla13.clinic.patient.PatientFederate.runFederate(PatientFederate.java:32)
	at hla13.clinic.patient.PatientFederate.main(PatientFederate.java:192)
ERROR [main] portico.lrc: FAILURE Regiser sync point [ReadyToRun] by [PatientFederate]: already registered
ERROR [main] portico.lrc: FAILURE Register sync point [ReadyToRun] by [PatientFederate]: label already registered
ERROR [main] portico.lrc: class [510] not published by [DoctorFederate]
org.portico.lrc.compat.JObjectClassNotPublished: class [510] not published by [DoctorFederate]
	at org.portico.lrc.services.object.handlers.outgoing.RegisterObjectHandler.checkPublished(RegisterObjectHandler.java:143)
	at org.portico.lrc.services.object.handlers.outgoing.RegisterObjectHandler.process(RegisterObjectHandler.java:87)
	at org.portico.utils.messaging.MessageSink.process(MessageSink.java:187)
	at org.portico.impl.hla13.Impl13Helper.processMessage(Impl13Helper.java:123)
	at org.portico.impl.hla13.Rti13Ambassador.processMessage(Rti13Ambassador.java:5822)
	at org.portico.impl.hla13.Rti13Ambassador.registerObjectInstance(Rti13Ambassador.java:1754)
	at hla13.clinic.doctor.DoctorFederate.registerDoctorObject(DoctorFederate.java:103)
	at hla13.clinic.doctor.DoctorFederate.runFederate(DoctorFederate.java:73)
	at hla13.clinic.doctor.DoctorFederate.main(DoctorFederate.java:199)
ERROR [main] portico.lrc: class [508] not published by [PatientFederate]
org.portico.lrc.compat.JObjectClassNotPublished: class [508] not published by [PatientFederate]
	at org.portico.lrc.services.object.handlers.outgoing.RegisterObjectHandler.checkPublished(RegisterObjectHandler.java:143)
	at org.portico.lrc.services.object.handlers.outgoing.RegisterObjectHandler.process(RegisterObjectHandler.java:87)
	at org.portico.utils.messaging.MessageSink.process(MessageSink.java:187)
	at org.portico.impl.hla13.Impl13Helper.processMessage(Impl13Helper.java:123)
	at org.portico.impl.hla13.Rti13Ambassador.processMessage(Rti13Ambassador.java:5822)
	at org.portico.impl.hla13.Rti13Ambassador.registerObjectInstance(Rti13Ambassador.java:1754)
	at hla13.clinic.patient.PatientFederate.registerPatientObject(PatientFederate.java:81)
	at hla13.clinic.patient.PatientFederate.runFederate(PatientFederate.java:70)
	at hla13.clinic.patient.PatientFederate.main(PatientFederate.java:192)
ERROR [main] portico.lrc: federation exists: ExampleFederation
org.portico.lrc.compat.JFederationExecutionAlreadyExists: federation exists: ExampleFederation
	at org.portico.bindings.jgroups.LrcConnection.createFederation(LrcConnection.java:163)
	at org.portico.lrc.services.federation.handlers.outgoing.CreateFederationHandler.process(CreateFederationHandler.java:74)
	at org.portico.utils.messaging.MessageSink.process(MessageSink.java:187)
	at org.portico.impl.hla13.Impl13Helper.processMessage(Impl13Helper.java:123)
	at org.portico.impl.hla13.Rti13Ambassador.processMessage(Rti13Ambassador.java:5822)
	at org.portico.impl.hla13.Rti13Ambassador.createFederationExecution(Rti13Ambassador.java:194)
	at hla13.clinic.doctor.DoctorFederate.runFederate(DoctorFederate.java:34)
	at hla13.clinic.doctor.DoctorFederate.main(DoctorFederate.java:205)
ERROR [main] portico.lrc: FAILURE Regiser sync point [ReadyToRun] by [DoctorFederate]: already registered
ERROR [main] portico.lrc: FAILURE Register sync point [ReadyToRun] by [DoctorFederate]: label already registered
ERROR [main] portico.lrc: federation exists: ExampleFederation
org.portico.lrc.compat.JFederationExecutionAlreadyExists: federation exists: ExampleFederation
	at org.portico.bindings.jgroups.LrcConnection.createFederation(LrcConnection.java:163)
	at org.portico.lrc.services.federation.handlers.outgoing.CreateFederationHandler.process(CreateFederationHandler.java:74)
	at org.portico.utils.messaging.MessageSink.process(MessageSink.java:187)
	at org.portico.impl.hla13.Impl13Helper.processMessage(Impl13Helper.java:123)
	at org.portico.impl.hla13.Rti13Ambassador.processMessage(Rti13Ambassador.java:5822)
	at org.portico.impl.hla13.Rti13Ambassador.createFederationExecution(Rti13Ambassador.java:194)
	at hla13.clinic.que.QueFederate.runFederate(QueFederate.java:35)
	at hla13.clinic.que.QueFederate.main(QueFederate.java:240)
ERROR [main] portico.lrc: FAILURE Regiser sync point [ReadyToRun] by [QueFederate]: already registered
ERROR [main] portico.lrc: FAILURE Register sync point [ReadyToRun] by [QueFederate]: label already registered
ERROR [main] portico.lrc: class [510] not published by [DoctorFederate]
org.portico.lrc.compat.JObjectClassNotPublished: class [510] not published by [DoctorFederate]
	at org.portico.lrc.services.object.handlers.outgoing.RegisterObjectHandler.checkPublished(RegisterObjectHandler.java:143)
	at org.portico.lrc.services.object.handlers.outgoing.RegisterObjectHandler.process(RegisterObjectHandler.java:87)
	at org.portico.utils.messaging.MessageSink.process(MessageSink.java:187)
	at org.portico.impl.hla13.Impl13Helper.processMessage(Impl13Helper.java:123)
	at org.portico.impl.hla13.Rti13Ambassador.processMessage(Rti13Ambassador.java:5822)
	at org.portico.impl.hla13.Rti13Ambassador.registerObjectInstance(Rti13Ambassador.java:1754)
	at hla13.clinic.doctor.DoctorFederate.registerDoctorObject(DoctorFederate.java:103)
	at hla13.clinic.doctor.DoctorFederate.runFederate(DoctorFederate.java:73)
	at hla13.clinic.doctor.DoctorFederate.main(DoctorFederate.java:205)
ERROR [main] portico.lrc: class [508] not published by [PatientFederate]
org.portico.lrc.compat.JObjectClassNotPublished: class [508] not published by [PatientFederate]
	at org.portico.lrc.services.object.handlers.outgoing.RegisterObjectHandler.checkPublished(RegisterObjectHandler.java:143)
	at org.portico.lrc.services.object.handlers.outgoing.RegisterObjectHandler.process(RegisterObjectHandler.java:87)
	at org.portico.utils.messaging.MessageSink.process(MessageSink.java:187)
	at org.portico.impl.hla13.Impl13Helper.processMessage(Impl13Helper.java:123)
	at org.portico.impl.hla13.Rti13Ambassador.processMessage(Rti13Ambassador.java:5822)
	at org.portico.impl.hla13.Rti13Ambassador.registerObjectInstance(Rti13Ambassador.java:1754)
	at hla13.clinic.patient.PatientFederate.registerPatientObject(PatientFederate.java:81)
	at hla13.clinic.patient.PatientFederate.runFederate(PatientFederate.java:70)
	at hla13.clinic.patient.PatientFederate.main(PatientFederate.java:198)
ERROR [main] portico.lrc: federation exists: ExampleFederation
org.portico.lrc.compat.JFederationExecutionAlreadyExists: federation exists: ExampleFederation
	at org.portico.bindings.jgroups.LrcConnection.createFederation(LrcConnection.java:163)
	at org.portico.lrc.services.federation.handlers.outgoing.CreateFederationHandler.process(CreateFederationHandler.java:74)
	at org.portico.utils.messaging.MessageSink.process(MessageSink.java:187)
	at org.portico.impl.hla13.Impl13Helper.processMessage(Impl13Helper.java:123)
	at org.portico.impl.hla13.Rti13Ambassador.processMessage(Rti13Ambassador.java:5822)
	at org.portico.impl.hla13.Rti13Ambassador.createFederationExecution(Rti13Ambassador.java:194)
	at hla13.clinic.patient.PatientFederate.runFederate(PatientFederate.java:32)
	at hla13.clinic.patient.PatientFederate.main(PatientFederate.java:200)
ERROR [main] portico.lrc: FAILURE Register sync point [ReadyToRun] by [PatientFederate]: already announced
ERROR [main] portico.lrc: federation exists: ExampleFederation
org.portico.lrc.compat.JFederationExecutionAlreadyExists: federation exists: ExampleFederation
	at org.portico.bindings.jgroups.LrcConnection.createFederation(LrcConnection.java:163)
	at org.portico.lrc.services.federation.handlers.outgoing.CreateFederationHandler.process(CreateFederationHandler.java:74)
	at org.portico.utils.messaging.MessageSink.process(MessageSink.java:187)
	at org.portico.impl.hla13.Impl13Helper.processMessage(Impl13Helper.java:123)
	at org.portico.impl.hla13.Rti13Ambassador.processMessage(Rti13Ambassador.java:5822)
	at org.portico.impl.hla13.Rti13Ambassador.createFederationExecution(Rti13Ambassador.java:194)
	at hla13.clinic.doctor.DoctorFederate.runFederate(DoctorFederate.java:34)
	at hla13.clinic.doctor.DoctorFederate.main(DoctorFederate.java:207)
ERROR [main] portico.lrc: FAILURE Regiser sync point [ReadyToRun] by [DoctorFederate]: already registered
ERROR [main] portico.lrc: FAILURE Register sync point [ReadyToRun] by [DoctorFederate]: label already registered
ERROR [main] portico.lrc: federation exists: ExampleFederation
org.portico.lrc.compat.JFederationExecutionAlreadyExists: federation exists: ExampleFederation
	at org.portico.bindings.jgroups.LrcConnection.createFederation(LrcConnection.java:163)
	at org.portico.lrc.services.federation.handlers.outgoing.CreateFederationHandler.process(CreateFederationHandler.java:74)
	at org.portico.utils.messaging.MessageSink.process(MessageSink.java:187)
	at org.portico.impl.hla13.Impl13Helper.processMessage(Impl13Helper.java:123)
	at org.portico.impl.hla13.Rti13Ambassador.processMessage(Rti13Ambassador.java:5822)
	at org.portico.impl.hla13.Rti13Ambassador.createFederationExecution(Rti13Ambassador.java:194)
	at hla13.clinic.patient.PatientFederate.runFederate(PatientFederate.java:32)
	at hla13.clinic.patient.PatientFederate.main(PatientFederate.java:200)
ERROR [main] portico.lrc: federation exists: ExampleFederation
org.portico.lrc.compat.JFederationExecutionAlreadyExists: federation exists: ExampleFederation
	at org.portico.bindings.jgroups.LrcConnection.createFederation(LrcConnection.java:163)
	at org.portico.lrc.services.federation.handlers.outgoing.CreateFederationHandler.process(CreateFederationHandler.java:74)
	at org.portico.utils.messaging.MessageSink.process(MessageSink.java:187)
	at org.portico.impl.hla13.Impl13Helper.processMessage(Impl13Helper.java:123)
	at org.portico.impl.hla13.Rti13Ambassador.processMessage(Rti13Ambassador.java:5822)
	at org.portico.impl.hla13.Rti13Ambassador.createFederationExecution(Rti13Ambassador.java:194)
	at hla13.clinic.que.QueFederate.runFederate(QueFederate.java:35)
	at hla13.clinic.que.QueFederate.main(QueFederate.java:240)
ERROR [main] portico.lrc: FAILURE Regiser sync point [ReadyToRun] by [QueFederate]: already registered
ERROR [main] portico.lrc: FAILURE Register sync point [ReadyToRun] by [QueFederate]: label already registered
ERROR [main] portico.lrc: FAILURE Register sync point [ReadyToRun] by [PatientFederate]: already announced
ERROR [main] portico.lrc: class [510] not published by [DoctorFederate]
org.portico.lrc.compat.JObjectClassNotPublished: class [510] not published by [DoctorFederate]
	at org.portico.lrc.services.object.handlers.outgoing.RegisterObjectHandler.checkPublished(RegisterObjectHandler.java:143)
	at org.portico.lrc.services.object.handlers.outgoing.RegisterObjectHandler.process(RegisterObjectHandler.java:87)
	at org.portico.utils.messaging.MessageSink.process(MessageSink.java:187)
	at org.portico.impl.hla13.Impl13Helper.processMessage(Impl13Helper.java:123)
	at org.portico.impl.hla13.Rti13Ambassador.processMessage(Rti13Ambassador.java:5822)
	at org.portico.impl.hla13.Rti13Ambassador.registerObjectInstance(Rti13Ambassador.java:1754)
	at hla13.clinic.doctor.DoctorFederate.registerDoctorObject(DoctorFederate.java:105)
	at hla13.clinic.doctor.DoctorFederate.runFederate(DoctorFederate.java:73)
	at hla13.clinic.doctor.DoctorFederate.main(DoctorFederate.java:207)
ERROR [main] portico.lrc: class [508] not published by [PatientFederate]
org.portico.lrc.compat.JObjectClassNotPublished: class [508] not published by [PatientFederate]
	at org.portico.lrc.services.object.handlers.outgoing.RegisterObjectHandler.checkPublished(RegisterObjectHandler.java:143)
	at org.portico.lrc.services.object.handlers.outgoing.RegisterObjectHandler.process(RegisterObjectHandler.java:87)
	at org.portico.utils.messaging.MessageSink.process(MessageSink.java:187)
	at org.portico.impl.hla13.Impl13Helper.processMessage(Impl13Helper.java:123)
	at org.portico.impl.hla13.Rti13Ambassador.processMessage(Rti13Ambassador.java:5822)
	at org.portico.impl.hla13.Rti13Ambassador.registerObjectInstance(Rti13Ambassador.java:1754)
	at hla13.clinic.patient.PatientFederate.registerPatientObject(PatientFederate.java:83)
	at hla13.clinic.patient.PatientFederate.runFederate(PatientFederate.java:70)
	at hla13.clinic.patient.PatientFederate.main(PatientFederate.java:200)
ERROR [main] portico.lrc: federation exists: ExampleFederation
org.portico.lrc.compat.JFederationExecutionAlreadyExists: federation exists: ExampleFederation
	at org.portico.bindings.jgroups.LrcConnection.createFederation(LrcConnection.java:163)
	at org.portico.lrc.services.federation.handlers.outgoing.CreateFederationHandler.process(CreateFederationHandler.java:74)
	at org.portico.utils.messaging.MessageSink.process(MessageSink.java:187)
	at org.portico.impl.hla13.Impl13Helper.processMessage(Impl13Helper.java:123)
	at org.portico.impl.hla13.Rti13Ambassador.processMessage(Rti13Ambassador.java:5822)
	at org.portico.impl.hla13.Rti13Ambassador.createFederationExecution(Rti13Ambassador.java:194)
	at hla13.clinic.que.QueFederate.runFederate(QueFederate.java:35)
	at hla13.clinic.que.QueFederate.main(QueFederate.java:240)
ERROR [main] portico.lrc: FAILURE Regiser sync point [ReadyToRun] by [QueFederate]: already registered
ERROR [main] portico.lrc: FAILURE Register sync point [ReadyToRun] by [QueFederate]: label already registered
ERROR [main] portico.lrc: federation exists: ExampleFederation
org.portico.lrc.compat.JFederationExecutionAlreadyExists: federation exists: ExampleFederation
	at org.portico.bindings.jgroups.LrcConnection.createFederation(LrcConnection.java:163)
	at org.portico.lrc.services.federation.handlers.outgoing.CreateFederationHandler.process(CreateFederationHandler.java:74)
	at org.portico.utils.messaging.MessageSink.process(MessageSink.java:187)
	at org.portico.impl.hla13.Impl13Helper.processMessage(Impl13Helper.java:123)
	at org.portico.impl.hla13.Rti13Ambassador.processMessage(Rti13Ambassador.java:5822)
	at org.portico.impl.hla13.Rti13Ambassador.createFederationExecution(Rti13Ambassador.java:194)
	at hla13.clinic.patient.PatientFederate.runFederate(PatientFederate.java:32)
	at hla13.clinic.patient.PatientFederate.main(PatientFederate.java:197)
ERROR [main] portico.lrc: FAILURE Regiser sync point [ReadyToRun] by [PatientFederate]: already registered
ERROR [main] portico.lrc: FAILURE Register sync point [ReadyToRun] by [PatientFederate]: label already registered
ERROR [main] portico.lrc: federation exists: ExampleFederation
org.portico.lrc.compat.JFederationExecutionAlreadyExists: federation exists: ExampleFederation
	at org.portico.bindings.jgroups.LrcConnection.createFederation(LrcConnection.java:163)
	at org.portico.lrc.services.federation.handlers.outgoing.CreateFederationHandler.process(CreateFederationHandler.java:74)
	at org.portico.utils.messaging.MessageSink.process(MessageSink.java:187)
	at org.portico.impl.hla13.Impl13Helper.processMessage(Impl13Helper.java:123)
	at org.portico.impl.hla13.Rti13Ambassador.processMessage(Rti13Ambassador.java:5822)
	at org.portico.impl.hla13.Rti13Ambassador.createFederationExecution(Rti13Ambassador.java:194)
	at hla13.clinic.que.QueFederate.runFederate(QueFederate.java:35)
	at hla13.clinic.que.QueFederate.main(QueFederate.java:240)
ERROR [main] portico.lrc: FAILURE Regiser sync point [ReadyToRun] by [QueFederate]: already registered
ERROR [main] portico.lrc: FAILURE Register sync point [ReadyToRun] by [QueFederate]: label already registered
ERROR [main] portico.lrc: federation exists: ExampleFederation
org.portico.lrc.compat.JFederationExecutionAlreadyExists: federation exists: ExampleFederation
	at org.portico.bindings.jgroups.LrcConnection.createFederation(LrcConnection.java:163)
	at org.portico.lrc.services.federation.handlers.outgoing.CreateFederationHandler.process(CreateFederationHandler.java:74)
	at org.portico.utils.messaging.MessageSink.process(MessageSink.java:187)
	at org.portico.impl.hla13.Impl13Helper.processMessage(Impl13Helper.java:123)
	at org.portico.impl.hla13.Rti13Ambassador.processMessage(Rti13Ambassador.java:5822)
	at org.portico.impl.hla13.Rti13Ambassador.createFederationExecution(Rti13Ambassador.java:194)
	at hla13.clinic.patient.PatientFederate.runFederate(PatientFederate.java:32)
	at hla13.clinic.patient.PatientFederate.main(PatientFederate.java:197)
ERROR [main] portico.lrc: federation exists: ExampleFederation
org.portico.lrc.compat.JFederationExecutionAlreadyExists: federation exists: ExampleFederation
	at org.portico.bindings.jgroups.LrcConnection.createFederation(LrcConnection.java:163)
	at org.portico.lrc.services.federation.handlers.outgoing.CreateFederationHandler.process(CreateFederationHandler.java:74)
	at org.portico.utils.messaging.MessageSink.process(MessageSink.java:187)
	at org.portico.impl.hla13.Impl13Helper.processMessage(Impl13Helper.java:123)
	at org.portico.impl.hla13.Rti13Ambassador.processMessage(Rti13Ambassador.java:5822)
	at org.portico.impl.hla13.Rti13Ambassador.createFederationExecution(Rti13Ambassador.java:194)
	at hla13.clinic.que.QueFederate.runFederate(QueFederate.java:35)
	at hla13.clinic.que.QueFederate.main(QueFederate.java:240)
ERROR [main] portico.lrc: FAILURE Regiser sync point [ReadyToRun] by [QueFederate]: already registered
ERROR [main] portico.lrc: FAILURE Register sync point [ReadyToRun] by [QueFederate]: label already registered
ERROR [main] portico.lrc: FAILURE Register sync point [ReadyToRun] by [PatientFederate]: already announced
ERROR [main] portico.lrc: federation exists: ExampleFederation
org.portico.lrc.compat.JFederationExecutionAlreadyExists: federation exists: ExampleFederation
	at org.portico.bindings.jgroups.LrcConnection.createFederation(LrcConnection.java:163)
	at org.portico.lrc.services.federation.handlers.outgoing.CreateFederationHandler.process(CreateFederationHandler.java:74)
	at org.portico.utils.messaging.MessageSink.process(MessageSink.java:187)
	at org.portico.impl.hla13.Impl13Helper.processMessage(Impl13Helper.java:123)
	at org.portico.impl.hla13.Rti13Ambassador.processMessage(Rti13Ambassador.java:5822)
	at org.portico.impl.hla13.Rti13Ambassador.createFederationExecution(Rti13Ambassador.java:194)
	at hla13.clinic.patient.PatientFederate.runFederate(PatientFederate.java:32)
	at hla13.clinic.patient.PatientFederate.main(PatientFederate.java:197)
ERROR [main] portico.lrc: FAILURE Regiser sync point [ReadyToRun] by [PatientFederate]: already registered
ERROR [main] portico.lrc: FAILURE Register sync point [ReadyToRun] by [PatientFederate]: label already registered
ERROR [main] portico.lrc: federation exists: ExampleFederation
org.portico.lrc.compat.JFederationExecutionAlreadyExists: federation exists: ExampleFederation
	at org.portico.bindings.jgroups.LrcConnection.createFederation(LrcConnection.java:163)
	at org.portico.lrc.services.federation.handlers.outgoing.CreateFederationHandler.process(CreateFederationHandler.java:74)
	at org.portico.utils.messaging.MessageSink.process(MessageSink.java:187)
	at org.portico.impl.hla13.Impl13Helper.processMessage(Impl13Helper.java:123)
	at org.portico.impl.hla13.Rti13Ambassador.processMessage(Rti13Ambassador.java:5822)
	at org.portico.impl.hla13.Rti13Ambassador.createFederationExecution(Rti13Ambassador.java:194)
	at hla13.clinic.que.QueFederate.runFederate(QueFederate.java:35)
	at hla13.clinic.que.QueFederate.main(QueFederate.java:240)
ERROR [main] portico.lrc: FAILURE Regiser sync point [ReadyToRun] by [QueFederate]: already registered
ERROR [main] portico.lrc: FAILURE Register sync point [ReadyToRun] by [QueFederate]: label already registered
ERROR [main] portico.lrc: federation exists: ExampleFederation
org.portico.lrc.compat.JFederationExecutionAlreadyExists: federation exists: ExampleFederation
	at org.portico.bindings.jgroups.LrcConnection.createFederation(LrcConnection.java:163)
	at org.portico.lrc.services.federation.handlers.outgoing.CreateFederationHandler.process(CreateFederationHandler.java:74)
	at org.portico.utils.messaging.MessageSink.process(MessageSink.java:187)
	at org.portico.impl.hla13.Impl13Helper.processMessage(Impl13Helper.java:123)
	at org.portico.impl.hla13.Rti13Ambassador.processMessage(Rti13Ambassador.java:5822)
	at org.portico.impl.hla13.Rti13Ambassador.createFederationExecution(Rti13Ambassador.java:194)
	at hla13.clinic.patient.PatientFederate.runFederate(PatientFederate.java:32)
	at hla13.clinic.patient.PatientFederate.main(PatientFederate.java:197)
ERROR [main] portico.lrc: federation exists: ExampleFederation
org.portico.lrc.compat.JFederationExecutionAlreadyExists: federation exists: ExampleFederation
	at org.portico.bindings.jgroups.LrcConnection.createFederation(LrcConnection.java:163)
	at org.portico.lrc.services.federation.handlers.outgoing.CreateFederationHandler.process(CreateFederationHandler.java:74)
	at org.portico.utils.messaging.MessageSink.process(MessageSink.java:187)
	at org.portico.impl.hla13.Impl13Helper.processMessage(Impl13Helper.java:123)
	at org.portico.impl.hla13.Rti13Ambassador.processMessage(Rti13Ambassador.java:5822)
	at org.portico.impl.hla13.Rti13Ambassador.createFederationExecution(Rti13Ambassador.java:194)
	at hla13.clinic.que.QueFederate.runFederate(QueFederate.java:35)
	at hla13.clinic.que.QueFederate.main(QueFederate.java:240)
ERROR [main] portico.lrc: FAILURE Register sync point [ReadyToRun] by [PatientFederate]: already announced
ERROR [main] portico.lrc: FAILURE Register sync point [ReadyToRun] by [QueFederate]: already announced
ERROR [main] portico.lrc: federation exists: ExampleFederation
org.portico.lrc.compat.JFederationExecutionAlreadyExists: federation exists: ExampleFederation
	at org.portico.bindings.jgroups.LrcConnection.createFederation(LrcConnection.java:163)
	at org.portico.lrc.services.federation.handlers.outgoing.CreateFederationHandler.process(CreateFederationHandler.java:74)
	at org.portico.utils.messaging.MessageSink.process(MessageSink.java:187)
	at org.portico.impl.hla13.Impl13Helper.processMessage(Impl13Helper.java:123)
	at org.portico.impl.hla13.Rti13Ambassador.processMessage(Rti13Ambassador.java:5822)
	at org.portico.impl.hla13.Rti13Ambassador.createFederationExecution(Rti13Ambassador.java:194)
	at hla13.clinic.que.QueFederate.runFederate(QueFederate.java:35)
	at hla13.clinic.que.QueFederate.main(QueFederate.java:231)
ERROR [main] portico.lrc: FAILURE Register sync point [ReadyToRun] by [QueFederate]: already announced
ERROR [main] portico.lrc: federation exists: ExampleFederation
org.portico.lrc.compat.JFederationExecutionAlreadyExists: federation exists: ExampleFederation
	at org.portico.bindings.jgroups.LrcConnection.createFederation(LrcConnection.java:163)
	at org.portico.lrc.services.federation.handlers.outgoing.CreateFederationHandler.process(CreateFederationHandler.java:74)
	at org.portico.utils.messaging.MessageSink.process(MessageSink.java:187)
	at org.portico.impl.hla13.Impl13Helper.processMessage(Impl13Helper.java:123)
	at org.portico.impl.hla13.Rti13Ambassador.processMessage(Rti13Ambassador.java:5822)
	at org.portico.impl.hla13.Rti13Ambassador.createFederationExecution(Rti13Ambassador.java:194)
	at hla13.clinic.patient.PatientFederate.runFederate(PatientFederate.java:32)
	at hla13.clinic.patient.PatientFederate.main(PatientFederate.java:208)
ERROR [main] portico.lrc: FAILURE Regiser sync point [ReadyToRun] by [PatientFederate]: already registered
ERROR [main] portico.lrc: FAILURE Register sync point [ReadyToRun] by [PatientFederate]: label already registered
ERROR [main] portico.lrc: federation exists: ExampleFederation
org.portico.lrc.compat.JFederationExecutionAlreadyExists: federation exists: ExampleFederation
	at org.portico.bindings.jgroups.LrcConnection.createFederation(LrcConnection.java:163)
	at org.portico.lrc.services.federation.handlers.outgoing.CreateFederationHandler.process(CreateFederationHandler.java:74)
	at org.portico.utils.messaging.MessageSink.process(MessageSink.java:187)
	at org.portico.impl.hla13.Impl13Helper.processMessage(Impl13Helper.java:123)
	at org.portico.impl.hla13.Rti13Ambassador.processMessage(Rti13Ambassador.java:5822)
	at org.portico.impl.hla13.Rti13Ambassador.createFederationExecution(Rti13Ambassador.java:194)
	at hla13.clinic.que.QueFederate.runFederate(QueFederate.java:35)
	at hla13.clinic.que.QueFederate.main(QueFederate.java:231)
ERROR [main] portico.lrc: FAILURE Regiser sync point [ReadyToRun] by [QueFederate]: already registered
ERROR [main] portico.lrc: FAILURE Register sync point [ReadyToRun] by [QueFederate]: label already registered
ERROR [main] portico.lrc: federation exists: ExampleFederation
org.portico.lrc.compat.JFederationExecutionAlreadyExists: federation exists: ExampleFederation
	at org.portico.bindings.jgroups.LrcConnection.createFederation(LrcConnection.java:163)
	at org.portico.lrc.services.federation.handlers.outgoing.CreateFederationHandler.process(CreateFederationHandler.java:74)
	at org.portico.utils.messaging.MessageSink.process(MessageSink.java:187)
	at org.portico.impl.hla13.Impl13Helper.processMessage(Impl13Helper.java:123)
	at org.portico.impl.hla13.Rti13Ambassador.processMessage(Rti13Ambassador.java:5822)
	at org.portico.impl.hla13.Rti13Ambassador.createFederationExecution(Rti13Ambassador.java:194)
	at hla13.clinic.doctor.DoctorFederate.runFederate(DoctorFederate.java:34)
	at hla13.clinic.doctor.DoctorFederate.main(DoctorFederate.java:205)
ERROR [main] portico.lrc: FAILURE Regiser sync point [ReadyToRun] by [DoctorFederate]: already registered
ERROR [main] portico.lrc: FAILURE Register sync point [ReadyToRun] by [DoctorFederate]: label already registered
ERROR [main] portico.lrc: federation exists: ExampleFederation
org.portico.lrc.compat.JFederationExecutionAlreadyExists: federation exists: ExampleFederation
	at org.portico.bindings.jgroups.LrcConnection.createFederation(LrcConnection.java:163)
	at org.portico.lrc.services.federation.handlers.outgoing.CreateFederationHandler.process(CreateFederationHandler.java:74)
	at org.portico.utils.messaging.MessageSink.process(MessageSink.java:187)
	at org.portico.impl.hla13.Impl13Helper.processMessage(Impl13Helper.java:123)
	at org.portico.impl.hla13.Rti13Ambassador.processMessage(Rti13Ambassador.java:5822)
	at org.portico.impl.hla13.Rti13Ambassador.createFederationExecution(Rti13Ambassador.java:194)
	at hla13.clinic.que.QueFederate.runFederate(QueFederate.java:36)
	at hla13.clinic.que.QueFederate.main(QueFederate.java:250)
ERROR [main] portico.lrc: FAILURE Register sync point [ReadyToRun] by [QueFederate]: already announced
ERROR [main] portico.lrc: federation exists: ExampleFederation
org.portico.lrc.compat.JFederationExecutionAlreadyExists: federation exists: ExampleFederation
	at org.portico.bindings.jgroups.LrcConnection.createFederation(LrcConnection.java:163)
	at org.portico.lrc.services.federation.handlers.outgoing.CreateFederationHandler.process(CreateFederationHandler.java:74)
	at org.portico.utils.messaging.MessageSink.process(MessageSink.java:187)
	at org.portico.impl.hla13.Impl13Helper.processMessage(Impl13Helper.java:123)
	at org.portico.impl.hla13.Rti13Ambassador.processMessage(Rti13Ambassador.java:5822)
	at org.portico.impl.hla13.Rti13Ambassador.createFederationExecution(Rti13Ambassador.java:194)
	at hla13.clinic.patient.PatientFederate.runFederate(PatientFederate.java:32)
	at hla13.clinic.patient.PatientFederate.main(PatientFederate.java:208)
ERROR [main] portico.lrc: FAILURE Regiser sync point [ReadyToRun] by [PatientFederate]: already registered
ERROR [main] portico.lrc: FAILURE Register sync point [ReadyToRun] by [PatientFederate]: label already registered
ERROR [main] portico.lrc: not published: 519
org.portico.lrc.compat.JInteractionClassNotPublished: not published: 519
	at org.portico.lrc.services.object.handlers.outgoing.SendInteractionHandler.validatePublication(SendInteractionHandler.java:127)
	at org.portico.lrc.services.object.handlers.outgoing.SendInteractionHandler.process(SendInteractionHandler.java:85)
	at org.portico.utils.messaging.MessageSink.process(MessageSink.java:187)
	at org.portico.impl.hla13.Impl13Helper.processMessage(Impl13Helper.java:123)
	at org.portico.impl.hla13.Rti13Ambassador.processMessage(Rti13Ambassador.java:5822)
	at org.portico.impl.hla13.Rti13Ambassador.sendInteraction(Rti13Ambassador.java:2127)
	at hla13.clinic.doctor.DoctorFederate.sendInteraction(DoctorFederate.java:197)
	at hla13.clinic.doctor.DoctorFederate.runFederate(DoctorFederate.java:104)
	at hla13.clinic.doctor.DoctorFederate.main(DoctorFederate.java:249)
ERROR [main] portico.lrc: federation exists: ExampleFederation
org.portico.lrc.compat.JFederationExecutionAlreadyExists: federation exists: ExampleFederation
	at org.portico.bindings.jgroups.LrcConnection.createFederation(LrcConnection.java:163)
	at org.portico.lrc.services.federation.handlers.outgoing.CreateFederationHandler.process(CreateFederationHandler.java:74)
	at org.portico.utils.messaging.MessageSink.process(MessageSink.java:187)
	at org.portico.impl.hla13.Impl13Helper.processMessage(Impl13Helper.java:123)
	at org.portico.impl.hla13.Rti13Ambassador.processMessage(Rti13Ambassador.java:5822)
	at org.portico.impl.hla13.Rti13Ambassador.createFederationExecution(Rti13Ambassador.java:194)
	at hla13.clinic.patient.PatientFederate.runFederate(PatientFederate.java:32)
	at hla13.clinic.patient.PatientFederate.main(PatientFederate.java:208)
ERROR [main] portico.lrc: FAILURE Register sync point [ReadyToRun] by [PatientFederate]: already announced
ERROR [main] portico.lrc: federation exists: ExampleFederation
org.portico.lrc.compat.JFederationExecutionAlreadyExists: federation exists: ExampleFederation
	at org.portico.bindings.jgroups.LrcConnection.createFederation(LrcConnection.java:163)
	at org.portico.lrc.services.federation.handlers.outgoing.CreateFederationHandler.process(CreateFederationHandler.java:74)
	at org.portico.utils.messaging.MessageSink.process(MessageSink.java:187)
	at org.portico.impl.hla13.Impl13Helper.processMessage(Impl13Helper.java:123)
	at org.portico.impl.hla13.Rti13Ambassador.processMessage(Rti13Ambassador.java:5822)
	at org.portico.impl.hla13.Rti13Ambassador.createFederationExecution(Rti13Ambassador.java:194)
	at hla13.clinic.que.QueFederate.runFederate(QueFederate.java:36)
	at hla13.clinic.que.QueFederate.main(QueFederate.java:250)
ERROR [main] portico.lrc: FAILURE Regiser sync point [ReadyToRun] by [QueFederate]: already registered
ERROR [main] portico.lrc: FAILURE Register sync point [ReadyToRun] by [QueFederate]: label already registered
ERROR [main] portico.lrc: not published: 519
org.portico.lrc.compat.JInteractionClassNotPublished: not published: 519
	at org.portico.lrc.services.object.handlers.outgoing.SendInteractionHandler.validatePublication(SendInteractionHandler.java:127)
	at org.portico.lrc.services.object.handlers.outgoing.SendInteractionHandler.process(SendInteractionHandler.java:85)
	at org.portico.utils.messaging.MessageSink.process(MessageSink.java:187)
	at org.portico.impl.hla13.Impl13Helper.processMessage(Impl13Helper.java:123)
	at org.portico.impl.hla13.Rti13Ambassador.processMessage(Rti13Ambassador.java:5822)
	at org.portico.impl.hla13.Rti13Ambassador.sendInteraction(Rti13Ambassador.java:2127)
	at hla13.clinic.doctor.DoctorFederate.sendInteraction(DoctorFederate.java:197)
	at hla13.clinic.doctor.DoctorFederate.runFederate(DoctorFederate.java:104)
	at hla13.clinic.doctor.DoctorFederate.main(DoctorFederate.java:249)
ERROR [main] portico.lrc: federation exists: ExampleFederation
org.portico.lrc.compat.JFederationExecutionAlreadyExists: federation exists: ExampleFederation
	at org.portico.bindings.jgroups.LrcConnection.createFederation(LrcConnection.java:163)
	at org.portico.lrc.services.federation.handlers.outgoing.CreateFederationHandler.process(CreateFederationHandler.java:74)
	at org.portico.utils.messaging.MessageSink.process(MessageSink.java:187)
	at org.portico.impl.hla13.Impl13Helper.processMessage(Impl13Helper.java:123)
	at org.portico.impl.hla13.Rti13Ambassador.processMessage(Rti13Ambassador.java:5822)
	at org.portico.impl.hla13.Rti13Ambassador.createFederationExecution(Rti13Ambassador.java:194)
	at hla13.clinic.patient.PatientFederate.runFederate(PatientFederate.java:32)
	at hla13.clinic.patient.PatientFederate.main(PatientFederate.java:208)
ERROR [main] portico.lrc: FAILURE Register sync point [ReadyToRun] by [PatientFederate]: already announced
ERROR [main] portico.lrc: federation exists: ExampleFederation
org.portico.lrc.compat.JFederationExecutionAlreadyExists: federation exists: ExampleFederation
	at org.portico.bindings.jgroups.LrcConnection.createFederation(LrcConnection.java:163)
	at org.portico.lrc.services.federation.handlers.outgoing.CreateFederationHandler.process(CreateFederationHandler.java:74)
	at org.portico.utils.messaging.MessageSink.process(MessageSink.java:187)
	at org.portico.impl.hla13.Impl13Helper.processMessage(Impl13Helper.java:123)
	at org.portico.impl.hla13.Rti13Ambassador.processMessage(Rti13Ambassador.java:5822)
	at org.portico.impl.hla13.Rti13Ambassador.createFederationExecution(Rti13Ambassador.java:194)
	at hla13.clinic.que.QueFederate.runFederate(QueFederate.java:36)
	at hla13.clinic.que.QueFederate.main(QueFederate.java:250)
ERROR [main] portico.lrc: FAILURE Regiser sync point [ReadyToRun] by [QueFederate]: already registered
ERROR [main] portico.lrc: FAILURE Register sync point [ReadyToRun] by [QueFederate]: label already registered
ERROR [main] portico.lrc: not published: 519
org.portico.lrc.compat.JInteractionClassNotPublished: not published: 519
	at org.portico.lrc.services.object.handlers.outgoing.SendInteractionHandler.validatePublication(SendInteractionHandler.java:127)
	at org.portico.lrc.services.object.handlers.outgoing.SendInteractionHandler.process(SendInteractionHandler.java:85)
	at org.portico.utils.messaging.MessageSink.process(MessageSink.java:187)
	at org.portico.impl.hla13.Impl13Helper.processMessage(Impl13Helper.java:123)
	at org.portico.impl.hla13.Rti13Ambassador.processMessage(Rti13Ambassador.java:5822)
	at org.portico.impl.hla13.Rti13Ambassador.sendInteraction(Rti13Ambassador.java:2127)
	at hla13.clinic.que.QueFederate.sendInteractionGetDoctor(QueFederate.java:205)
	at hla13.clinic.que.QueFederate.runFederate(QueFederate.java:109)
	at hla13.clinic.que.QueFederate.main(QueFederate.java:250)
ERROR [main] portico.lrc: federation exists: ExampleFederation
org.portico.lrc.compat.JFederationExecutionAlreadyExists: federation exists: ExampleFederation
	at org.portico.bindings.jgroups.LrcConnection.createFederation(LrcConnection.java:163)
	at org.portico.lrc.services.federation.handlers.outgoing.CreateFederationHandler.process(CreateFederationHandler.java:74)
	at org.portico.utils.messaging.MessageSink.process(MessageSink.java:187)
	at org.portico.impl.hla13.Impl13Helper.processMessage(Impl13Helper.java:123)
	at org.portico.impl.hla13.Rti13Ambassador.processMessage(Rti13Ambassador.java:5822)
	at org.portico.impl.hla13.Rti13Ambassador.createFederationExecution(Rti13Ambassador.java:194)
	at hla13.clinic.patient.PatientFederate.runFederate(PatientFederate.java:32)
	at hla13.clinic.patient.PatientFederate.main(PatientFederate.java:208)
ERROR [main] portico.lrc: FAILURE Regiser sync point [ReadyToRun] by [PatientFederate]: already registered
ERROR [main] portico.lrc: FAILURE Register sync point [ReadyToRun] by [PatientFederate]: label already registered
ERROR [main] portico.lrc: federation exists: ExampleFederation
org.portico.lrc.compat.JFederationExecutionAlreadyExists: federation exists: ExampleFederation
	at org.portico.bindings.jgroups.LrcConnection.createFederation(LrcConnection.java:163)
	at org.portico.lrc.services.federation.handlers.outgoing.CreateFederationHandler.process(CreateFederationHandler.java:74)
	at org.portico.utils.messaging.MessageSink.process(MessageSink.java:187)
	at org.portico.impl.hla13.Impl13Helper.processMessage(Impl13Helper.java:123)
	at org.portico.impl.hla13.Rti13Ambassador.processMessage(Rti13Ambassador.java:5822)
	at org.portico.impl.hla13.Rti13Ambassador.createFederationExecution(Rti13Ambassador.java:194)
	at hla13.clinic.patient.PatientFederate.runFederate(PatientFederate.java:32)
	at hla13.clinic.patient.PatientFederate.main(PatientFederate.java:208)
ERROR [main] portico.lrc: FAILURE Regiser sync point [ReadyToRun] by [PatientFederate]: already registered
ERROR [main] portico.lrc: FAILURE Register sync point [ReadyToRun] by [PatientFederate]: label already registered
ERROR [main] portico.lrc: federation exists: ExampleFederation
org.portico.lrc.compat.JFederationExecutionAlreadyExists: federation exists: ExampleFederation
	at org.portico.bindings.jgroups.LrcConnection.createFederation(LrcConnection.java:163)
	at org.portico.lrc.services.federation.handlers.outgoing.CreateFederationHandler.process(CreateFederationHandler.java:74)
	at org.portico.utils.messaging.MessageSink.process(MessageSink.java:187)
	at org.portico.impl.hla13.Impl13Helper.processMessage(Impl13Helper.java:123)
	at org.portico.impl.hla13.Rti13Ambassador.processMessage(Rti13Ambassador.java:5822)
	at org.portico.impl.hla13.Rti13Ambassador.createFederationExecution(Rti13Ambassador.java:194)
	at hla13.clinic.que.QueFederate.runFederate(QueFederate.java:36)
	at hla13.clinic.que.QueFederate.main(QueFederate.java:254)
ERROR [main] portico.lrc: FAILURE Regiser sync point [ReadyToRun] by [QueFederate]: already registered
ERROR [main] portico.lrc: FAILURE Register sync point [ReadyToRun] by [QueFederate]: label already registered
ERROR [main] portico.lrc: Time [24.0] has already passed (lbts:27.020304877516168)
org.portico.lrc.compat.JInvalidFederationTime: Time [24.0] has already passed (lbts:27.020304877516168)
	at org.portico.lrc.LRCState.checkValidTime(LRCState.java:349)
	at org.portico.lrc.services.object.handlers.outgoing.SendInteractionHandler.process(SendInteractionHandler.java:82)
	at org.portico.utils.messaging.MessageSink.process(MessageSink.java:187)
	at org.portico.impl.hla13.Impl13Helper.processMessage(Impl13Helper.java:123)
	at org.portico.impl.hla13.Rti13Ambassador.processMessage(Rti13Ambassador.java:5822)
	at org.portico.impl.hla13.Rti13Ambassador.sendInteraction(Rti13Ambassador.java:2127)
	at hla13.clinic.doctor.DoctorFederate.sendInteraction(DoctorFederate.java:205)
	at hla13.clinic.doctor.DoctorFederate.runFederate(DoctorFederate.java:104)
	at hla13.clinic.doctor.DoctorFederate.main(DoctorFederate.java:257)
ERROR [main] portico.lrc: federation exists: ExampleFederation
org.portico.lrc.compat.JFederationExecutionAlreadyExists: federation exists: ExampleFederation
	at org.portico.bindings.jgroups.LrcConnection.createFederation(LrcConnection.java:163)
	at org.portico.lrc.services.federation.handlers.outgoing.CreateFederationHandler.process(CreateFederationHandler.java:74)
	at org.portico.utils.messaging.MessageSink.process(MessageSink.java:187)
	at org.portico.impl.hla13.Impl13Helper.processMessage(Impl13Helper.java:123)
	at org.portico.impl.hla13.Rti13Ambassador.processMessage(Rti13Ambassador.java:5822)
	at org.portico.impl.hla13.Rti13Ambassador.createFederationExecution(Rti13Ambassador.java:194)
	at hla13.clinic.patient.PatientFederate.runFederate(PatientFederate.java:32)
	at hla13.clinic.patient.PatientFederate.main(PatientFederate.java:208)
ERROR [main] portico.lrc: federation exists: ExampleFederation
org.portico.lrc.compat.JFederationExecutionAlreadyExists: federation exists: ExampleFederation
	at org.portico.bindings.jgroups.LrcConnection.createFederation(LrcConnection.java:163)
	at org.portico.lrc.services.federation.handlers.outgoing.CreateFederationHandler.process(CreateFederationHandler.java:74)
	at org.portico.utils.messaging.MessageSink.process(MessageSink.java:187)
	at org.portico.impl.hla13.Impl13Helper.processMessage(Impl13Helper.java:123)
	at org.portico.impl.hla13.Rti13Ambassador.processMessage(Rti13Ambassador.java:5822)
	at org.portico.impl.hla13.Rti13Ambassador.createFederationExecution(Rti13Ambassador.java:194)
	at hla13.clinic.que.QueFederate.runFederate(QueFederate.java:36)
	at hla13.clinic.que.QueFederate.main(QueFederate.java:255)
ERROR [main] portico.lrc: FAILURE Regiser sync point [ReadyToRun] by [QueFederate]: already registered
ERROR [main] portico.lrc: FAILURE Register sync point [ReadyToRun] by [QueFederate]: label already registered
ERROR [main] portico.lrc: FAILURE Register sync point [ReadyToRun] by [PatientFederate]: already announced
ERROR [main] portico.lrc: Time [13.0] has already passed (lbts:13.182900668841494)
org.portico.lrc.compat.JInvalidFederationTime: Time [13.0] has already passed (lbts:13.182900668841494)
	at org.portico.lrc.LRCState.checkValidTime(LRCState.java:349)
	at org.portico.lrc.services.object.handlers.outgoing.SendInteractionHandler.process(SendInteractionHandler.java:82)
	at org.portico.utils.messaging.MessageSink.process(MessageSink.java:187)
	at org.portico.impl.hla13.Impl13Helper.processMessage(Impl13Helper.java:123)
	at org.portico.impl.hla13.Rti13Ambassador.processMessage(Rti13Ambassador.java:5822)
	at org.portico.impl.hla13.Rti13Ambassador.sendInteraction(Rti13Ambassador.java:2127)
	at hla13.clinic.doctor.DoctorFederate.sendInteraction(DoctorFederate.java:205)
	at hla13.clinic.doctor.DoctorFederate.runFederate(DoctorFederate.java:104)
	at hla13.clinic.doctor.DoctorFederate.main(DoctorFederate.java:257)
ERROR [main] portico.lrc: Error reading FED file [java.io.BufferedInputStream@119aa36]: Encountered "TestSpace" at line 36, column 33.
Was expecting one of:
    "reliable" ...
    "best_effort" ...
    
org.portico.lrc.compat.JErrorReadingFED: Error reading FED file [java.io.BufferedInputStream@119aa36]: Encountered "TestSpace" at line 36, column 33.
Was expecting one of:
    "reliable" ...
    "best_effort" ...
    
	at org.portico.impl.hla13.fomparser.FOM.parseFOM(FOM.java:69)
	at org.portico.impl.hla13.fomparser.FOM.parseFOM(FOM.java:39)
	at org.portico.lrc.services.federation.handlers.outgoing.CreateFederationHandler.parseFed(CreateFederationHandler.java:137)
	at org.portico.lrc.services.federation.handlers.outgoing.CreateFederationHandler.process(CreateFederationHandler.java:66)
	at org.portico.utils.messaging.MessageSink.process(MessageSink.java:187)
	at org.portico.impl.hla13.Impl13Helper.processMessage(Impl13Helper.java:123)
	at org.portico.impl.hla13.Rti13Ambassador.processMessage(Rti13Ambassador.java:5822)
	at org.portico.impl.hla13.Rti13Ambassador.createFederationExecution(Rti13Ambassador.java:194)
	at hla13.clinic.doctor.DoctorFederate.runFederate(DoctorFederate.java:39)
	at hla13.clinic.doctor.DoctorFederate.main(DoctorFederate.java:257)
Caused by: org.portico.impl.hla13.fomparser.ParseException: Encountered "TestSpace" at line 36, column 33.
Was expecting one of:
    "reliable" ...
    "best_effort" ...
    
	at org.portico.impl.hla13.fomparser.FOM.generateParseException(FOM.java:731)
	at org.portico.impl.hla13.fomparser.FOM.jj_consume_token(FOM.java:652)
	at org.portico.impl.hla13.fomparser.FOM.transport(FOM.java:487)
	at org.portico.impl.hla13.fomparser.FOM.interactionClass(FOM.java:369)
	at org.portico.impl.hla13.fomparser.FOM.interactionClass(FOM.java:398)
	at org.portico.impl.hla13.fomparser.FOM.interactions(FOM.java:355)
	at org.portico.impl.hla13.fomparser.FOM.parse(FOM.java:121)
	at org.portico.impl.hla13.fomparser.FOM.parseFOM(FOM.java:59)
	... 9 more
ERROR [main] portico.lrc: federation exists: ExampleFederation
org.portico.lrc.compat.JFederationExecutionAlreadyExists: federation exists: ExampleFederation
	at org.portico.bindings.jgroups.LrcConnection.createFederation(LrcConnection.java:163)
	at org.portico.lrc.services.federation.handlers.outgoing.CreateFederationHandler.process(CreateFederationHandler.java:74)
	at org.portico.utils.messaging.MessageSink.process(MessageSink.java:187)
	at org.portico.impl.hla13.Impl13Helper.processMessage(Impl13Helper.java:123)
	at org.portico.impl.hla13.Rti13Ambassador.processMessage(Rti13Ambassador.java:5822)
	at org.portico.impl.hla13.Rti13Ambassador.createFederationExecution(Rti13Ambassador.java:194)
	at hla13.clinic.patient.PatientFederate.runFederate(PatientFederate.java:32)
	at hla13.clinic.patient.PatientFederate.main(PatientFederate.java:208)
ERROR [main] portico.lrc: FAILURE Regiser sync point [ReadyToRun] by [PatientFederate]: already registered
ERROR [main] portico.lrc: FAILURE Register sync point [ReadyToRun] by [PatientFederate]: label already registered
ERROR [main] portico.lrc: federation exists: ExampleFederation
org.portico.lrc.compat.JFederationExecutionAlreadyExists: federation exists: ExampleFederation
	at org.portico.bindings.jgroups.LrcConnection.createFederation(LrcConnection.java:163)
	at org.portico.lrc.services.federation.handlers.outgoing.CreateFederationHandler.process(CreateFederationHandler.java:74)
	at org.portico.utils.messaging.MessageSink.process(MessageSink.java:187)
	at org.portico.impl.hla13.Impl13Helper.processMessage(Impl13Helper.java:123)
	at org.portico.impl.hla13.Rti13Ambassador.processMessage(Rti13Ambassador.java:5822)
	at org.portico.impl.hla13.Rti13Ambassador.createFederationExecution(Rti13Ambassador.java:194)
	at hla13.clinic.que.QueFederate.runFederate(QueFederate.java:36)
	at hla13.clinic.que.QueFederate.main(QueFederate.java:255)
ERROR [main] portico.lrc: FAILURE Regiser sync point [ReadyToRun] by [QueFederate]: already registered
ERROR [main] portico.lrc: FAILURE Register sync point [ReadyToRun] by [QueFederate]: label already registered
ERROR [main] portico.lrc: Time [13.0] has already passed (lbts:15.281533896488188)
org.portico.lrc.compat.JInvalidFederationTime: Time [13.0] has already passed (lbts:15.281533896488188)
	at org.portico.lrc.LRCState.checkValidTime(LRCState.java:349)
	at org.portico.lrc.services.object.handlers.outgoing.SendInteractionHandler.process(SendInteractionHandler.java:82)
	at org.portico.utils.messaging.MessageSink.process(MessageSink.java:187)
	at org.portico.impl.hla13.Impl13Helper.processMessage(Impl13Helper.java:123)
	at org.portico.impl.hla13.Rti13Ambassador.processMessage(Rti13Ambassador.java:5822)
	at org.portico.impl.hla13.Rti13Ambassador.sendInteraction(Rti13Ambassador.java:2127)
	at hla13.clinic.doctor.DoctorFederate.sendInteraction(DoctorFederate.java:205)
	at hla13.clinic.doctor.DoctorFederate.runFederate(DoctorFederate.java:104)
	at hla13.clinic.doctor.DoctorFederate.main(DoctorFederate.java:257)
ERROR [main] portico.lrc: federation exists: ExampleFederation
org.portico.lrc.compat.JFederationExecutionAlreadyExists: federation exists: ExampleFederation
	at org.portico.bindings.jgroups.LrcConnection.createFederation(LrcConnection.java:163)
	at org.portico.lrc.services.federation.handlers.outgoing.CreateFederationHandler.process(CreateFederationHandler.java:74)
	at org.portico.utils.messaging.MessageSink.process(MessageSink.java:187)
	at org.portico.impl.hla13.Impl13Helper.processMessage(Impl13Helper.java:123)
	at org.portico.impl.hla13.Rti13Ambassador.processMessage(Rti13Ambassador.java:5822)
	at org.portico.impl.hla13.Rti13Ambassador.createFederationExecution(Rti13Ambassador.java:194)
	at hla13.clinic.patient.PatientFederate.runFederate(PatientFederate.java:32)
	at hla13.clinic.patient.PatientFederate.main(PatientFederate.java:208)
ERROR [main] portico.lrc: FAILURE Regiser sync point [ReadyToRun] by [PatientFederate]: already registered
ERROR [main] portico.lrc: FAILURE Register sync point [ReadyToRun] by [PatientFederate]: label already registered
ERROR [main] portico.lrc: federation exists: ExampleFederation
org.portico.lrc.compat.JFederationExecutionAlreadyExists: federation exists: ExampleFederation
	at org.portico.bindings.jgroups.LrcConnection.createFederation(LrcConnection.java:163)
	at org.portico.lrc.services.federation.handlers.outgoing.CreateFederationHandler.process(CreateFederationHandler.java:74)
	at org.portico.utils.messaging.MessageSink.process(MessageSink.java:187)
	at org.portico.impl.hla13.Impl13Helper.processMessage(Impl13Helper.java:123)
	at org.portico.impl.hla13.Rti13Ambassador.processMessage(Rti13Ambassador.java:5822)
	at org.portico.impl.hla13.Rti13Ambassador.createFederationExecution(Rti13Ambassador.java:194)
	at hla13.clinic.que.QueFederate.runFederate(QueFederate.java:36)
	at hla13.clinic.que.QueFederate.main(QueFederate.java:255)
ERROR [main] portico.lrc: FAILURE Regiser sync point [ReadyToRun] by [QueFederate]: already registered
ERROR [main] portico.lrc: FAILURE Register sync point [ReadyToRun] by [QueFederate]: label already registered
ERROR [main] portico.lrc: Time [13.0] has already passed (lbts:15.823103875417361)
org.portico.lrc.compat.JInvalidFederationTime: Time [13.0] has already passed (lbts:15.823103875417361)
	at org.portico.lrc.LRCState.checkValidTime(LRCState.java:349)
	at org.portico.lrc.services.object.handlers.outgoing.SendInteractionHandler.process(SendInteractionHandler.java:82)
	at org.portico.utils.messaging.MessageSink.process(MessageSink.java:187)
	at org.portico.impl.hla13.Impl13Helper.processMessage(Impl13Helper.java:123)
	at org.portico.impl.hla13.Rti13Ambassador.processMessage(Rti13Ambassador.java:5822)
	at org.portico.impl.hla13.Rti13Ambassador.sendInteraction(Rti13Ambassador.java:2127)
	at hla13.clinic.doctor.DoctorFederate.sendInteraction(DoctorFederate.java:205)
	at hla13.clinic.doctor.DoctorFederate.runFederate(DoctorFederate.java:104)
	at hla13.clinic.doctor.DoctorFederate.main(DoctorFederate.java:257)
ERROR [main] portico.lrc: federation exists: ExampleFederation
org.portico.lrc.compat.JFederationExecutionAlreadyExists: federation exists: ExampleFederation
	at org.portico.bindings.jgroups.LrcConnection.createFederation(LrcConnection.java:163)
	at org.portico.lrc.services.federation.handlers.outgoing.CreateFederationHandler.process(CreateFederationHandler.java:74)
	at org.portico.utils.messaging.MessageSink.process(MessageSink.java:187)
	at org.portico.impl.hla13.Impl13Helper.processMessage(Impl13Helper.java:123)
	at org.portico.impl.hla13.Rti13Ambassador.processMessage(Rti13Ambassador.java:5822)
	at org.portico.impl.hla13.Rti13Ambassador.createFederationExecution(Rti13Ambassador.java:194)
	at hla13.clinic.patient.PatientFederate.runFederate(PatientFederate.java:32)
	at hla13.clinic.patient.PatientFederate.main(PatientFederate.java:205)
ERROR [main] portico.lrc: FAILURE Register sync point [ReadyToRun] by [PatientFederate]: already announced
ERROR [main] portico.lrc: federation exists: ExampleFederation
org.portico.lrc.compat.JFederationExecutionAlreadyExists: federation exists: ExampleFederation
	at org.portico.bindings.jgroups.LrcConnection.createFederation(LrcConnection.java:163)
	at org.portico.lrc.services.federation.handlers.outgoing.CreateFederationHandler.process(CreateFederationHandler.java:74)
	at org.portico.utils.messaging.MessageSink.process(MessageSink.java:187)
	at org.portico.impl.hla13.Impl13Helper.processMessage(Impl13Helper.java:123)
	at org.portico.impl.hla13.Rti13Ambassador.processMessage(Rti13Ambassador.java:5822)
	at org.portico.impl.hla13.Rti13Ambassador.createFederationExecution(Rti13Ambassador.java:194)
	at hla13.clinic.que.QueFederate.runFederate(QueFederate.java:36)
	at hla13.clinic.que.QueFederate.main(QueFederate.java:255)
ERROR [main] portico.lrc: FAILURE Regiser sync point [ReadyToRun] by [QueFederate]: already registered
ERROR [main] portico.lrc: FAILURE Register sync point [ReadyToRun] by [QueFederate]: label already registered
ERROR [main] portico.lrc: Time [431.0] has already passed (lbts:841.0)
org.portico.lrc.compat.JInvalidFederationTime: Time [431.0] has already passed (lbts:841.0)
	at org.portico.lrc.LRCState.checkValidTime(LRCState.java:349)
	at org.portico.lrc.services.object.handlers.outgoing.SendInteractionHandler.process(SendInteractionHandler.java:82)
	at org.portico.utils.messaging.MessageSink.process(MessageSink.java:187)
	at org.portico.impl.hla13.Impl13Helper.processMessage(Impl13Helper.java:123)
	at org.portico.impl.hla13.Rti13Ambassador.processMessage(Rti13Ambassador.java:5822)
	at org.portico.impl.hla13.Rti13Ambassador.sendInteraction(Rti13Ambassador.java:2127)
	at hla13.clinic.doctor.DoctorFederate.sendInteraction(DoctorFederate.java:205)
	at hla13.clinic.doctor.DoctorFederate.runFederate(DoctorFederate.java:104)
	at hla13.clinic.doctor.DoctorFederate.main(DoctorFederate.java:257)
ERROR [main] portico.lrc: federation exists: ExampleFederation
org.portico.lrc.compat.JFederationExecutionAlreadyExists: federation exists: ExampleFederation
	at org.portico.bindings.jgroups.LrcConnection.createFederation(LrcConnection.java:163)
	at org.portico.lrc.services.federation.handlers.outgoing.CreateFederationHandler.process(CreateFederationHandler.java:74)
	at org.portico.utils.messaging.MessageSink.process(MessageSink.java:187)
	at org.portico.impl.hla13.Impl13Helper.processMessage(Impl13Helper.java:123)
	at org.portico.impl.hla13.Rti13Ambassador.processMessage(Rti13Ambassador.java:5822)
	at org.portico.impl.hla13.Rti13Ambassador.createFederationExecution(Rti13Ambassador.java:194)
	at hla13.clinic.patient.PatientFederate.runFederate(PatientFederate.java:32)
	at hla13.clinic.patient.PatientFederate.main(PatientFederate.java:206)
ERROR [main] portico.lrc: FAILURE Regiser sync point [ReadyToRun] by [PatientFederate]: already registered
ERROR [main] portico.lrc: FAILURE Register sync point [ReadyToRun] by [PatientFederate]: label already registered
ERROR [main] portico.lrc: federation exists: ExampleFederation
org.portico.lrc.compat.JFederationExecutionAlreadyExists: federation exists: ExampleFederation
	at org.portico.bindings.jgroups.LrcConnection.createFederation(LrcConnection.java:163)
	at org.portico.lrc.services.federation.handlers.outgoing.CreateFederationHandler.process(CreateFederationHandler.java:74)
	at org.portico.utils.messaging.MessageSink.process(MessageSink.java:187)
	at org.portico.impl.hla13.Impl13Helper.processMessage(Impl13Helper.java:123)
	at org.portico.impl.hla13.Rti13Ambassador.processMessage(Rti13Ambassador.java:5822)
	at org.portico.impl.hla13.Rti13Ambassador.createFederationExecution(Rti13Ambassador.java:194)
	at hla13.clinic.doctor.DoctorFederate.runFederate(DoctorFederate.java:39)
	at hla13.clinic.doctor.DoctorFederate.main(DoctorFederate.java:257)
ERROR [main] portico.lrc: FAILURE Regiser sync point [ReadyToRun] by [DoctorFederate]: already registered
ERROR [main] portico.lrc: FAILURE Register sync point [ReadyToRun] by [DoctorFederate]: label already registered
ERROR [main] portico.lrc: Time [431.0] has already passed (lbts:841.0)
org.portico.lrc.compat.JInvalidFederationTime: Time [431.0] has already passed (lbts:841.0)
	at org.portico.lrc.LRCState.checkValidTime(LRCState.java:349)
	at org.portico.lrc.services.object.handlers.outgoing.SendInteractionHandler.process(SendInteractionHandler.java:82)
	at org.portico.utils.messaging.MessageSink.process(MessageSink.java:187)
	at org.portico.impl.hla13.Impl13Helper.processMessage(Impl13Helper.java:123)
	at org.portico.impl.hla13.Rti13Ambassador.processMessage(Rti13Ambassador.java:5822)
	at org.portico.impl.hla13.Rti13Ambassador.sendInteraction(Rti13Ambassador.java:2127)
	at hla13.clinic.doctor.DoctorFederate.sendInteraction(DoctorFederate.java:205)
	at hla13.clinic.doctor.DoctorFederate.runFederate(DoctorFederate.java:104)
	at hla13.clinic.doctor.DoctorFederate.main(DoctorFederate.java:257)
ERROR [main] portico.lrc: federation exists: ExampleFederation
org.portico.lrc.compat.JFederationExecutionAlreadyExists: federation exists: ExampleFederation
	at org.portico.bindings.jgroups.LrcConnection.createFederation(LrcConnection.java:163)
	at org.portico.lrc.services.federation.handlers.outgoing.CreateFederationHandler.process(CreateFederationHandler.java:74)
	at org.portico.utils.messaging.MessageSink.process(MessageSink.java:187)
	at org.portico.impl.hla13.Impl13Helper.processMessage(Impl13Helper.java:123)
	at org.portico.impl.hla13.Rti13Ambassador.processMessage(Rti13Ambassador.java:5822)
	at org.portico.impl.hla13.Rti13Ambassador.createFederationExecution(Rti13Ambassador.java:194)
	at hla13.clinic.patient.PatientFederate.runFederate(PatientFederate.java:32)
	at hla13.clinic.patient.PatientFederate.main(PatientFederate.java:206)
ERROR [main] portico.lrc: FAILURE Regiser sync point [ReadyToRun] by [PatientFederate]: already registered
ERROR [main] portico.lrc: FAILURE Register sync point [ReadyToRun] by [PatientFederate]: label already registered
ERROR [main] portico.lrc: federation exists: ExampleFederation
org.portico.lrc.compat.JFederationExecutionAlreadyExists: federation exists: ExampleFederation
	at org.portico.bindings.jgroups.LrcConnection.createFederation(LrcConnection.java:163)
	at org.portico.lrc.services.federation.handlers.outgoing.CreateFederationHandler.process(CreateFederationHandler.java:74)
	at org.portico.utils.messaging.MessageSink.process(MessageSink.java:187)
	at org.portico.impl.hla13.Impl13Helper.processMessage(Impl13Helper.java:123)
	at org.portico.impl.hla13.Rti13Ambassador.processMessage(Rti13Ambassador.java:5822)
	at org.portico.impl.hla13.Rti13Ambassador.createFederationExecution(Rti13Ambassador.java:194)
	at hla13.clinic.que.QueFederate.runFederate(QueFederate.java:36)
	at hla13.clinic.que.QueFederate.main(QueFederate.java:256)
ERROR [main] portico.lrc: FAILURE Regiser sync point [ReadyToRun] by [QueFederate]: already registered
ERROR [main] portico.lrc: FAILURE Register sync point [ReadyToRun] by [QueFederate]: label already registered
ERROR [main] portico.lrc: Time [431.0] has already passed (lbts:841.0)
org.portico.lrc.compat.JInvalidFederationTime: Time [431.0] has already passed (lbts:841.0)
	at org.portico.lrc.LRCState.checkValidTime(LRCState.java:349)
	at org.portico.lrc.services.object.handlers.outgoing.SendInteractionHandler.process(SendInteractionHandler.java:82)
	at org.portico.utils.messaging.MessageSink.process(MessageSink.java:187)
	at org.portico.impl.hla13.Impl13Helper.processMessage(Impl13Helper.java:123)
	at org.portico.impl.hla13.Rti13Ambassador.processMessage(Rti13Ambassador.java:5822)
	at org.portico.impl.hla13.Rti13Ambassador.sendInteraction(Rti13Ambassador.java:2127)
	at hla13.clinic.doctor.DoctorFederate.sendInteraction(DoctorFederate.java:204)
	at hla13.clinic.doctor.DoctorFederate.runFederate(DoctorFederate.java:103)
	at hla13.clinic.doctor.DoctorFederate.main(DoctorFederate.java:256)
ERROR [main] portico.lrc: federation exists: ExampleFederation
org.portico.lrc.compat.JFederationExecutionAlreadyExists: federation exists: ExampleFederation
	at org.portico.bindings.jgroups.LrcConnection.createFederation(LrcConnection.java:163)
	at org.portico.lrc.services.federation.handlers.outgoing.CreateFederationHandler.process(CreateFederationHandler.java:74)
	at org.portico.utils.messaging.MessageSink.process(MessageSink.java:187)
	at org.portico.impl.hla13.Impl13Helper.processMessage(Impl13Helper.java:123)
	at org.portico.impl.hla13.Rti13Ambassador.processMessage(Rti13Ambassador.java:5822)
	at org.portico.impl.hla13.Rti13Ambassador.createFederationExecution(Rti13Ambassador.java:194)
	at hla13.clinic.doctor.DoctorFederate.runFederate(DoctorFederate.java:39)
	at hla13.clinic.doctor.DoctorFederate.main(DoctorFederate.java:256)
ERROR [main] portico.lrc: FAILURE Regiser sync point [ReadyToRun] by [DoctorFederate]: already registered
ERROR [main] portico.lrc: FAILURE Register sync point [ReadyToRun] by [DoctorFederate]: label already registered
ERROR [main] portico.lrc: federation exists: ExampleFederation
org.portico.lrc.compat.JFederationExecutionAlreadyExists: federation exists: ExampleFederation
	at org.portico.bindings.jgroups.LrcConnection.createFederation(LrcConnection.java:163)
	at org.portico.lrc.services.federation.handlers.outgoing.CreateFederationHandler.process(CreateFederationHandler.java:74)
	at org.portico.utils.messaging.MessageSink.process(MessageSink.java:187)
	at org.portico.impl.hla13.Impl13Helper.processMessage(Impl13Helper.java:123)
	at org.portico.impl.hla13.Rti13Ambassador.processMessage(Rti13Ambassador.java:5822)
	at org.portico.impl.hla13.Rti13Ambassador.createFederationExecution(Rti13Ambassador.java:194)
	at hla13.clinic.patient.PatientFederate.runFederate(PatientFederate.java:32)
	at hla13.clinic.patient.PatientFederate.main(PatientFederate.java:206)
ERROR [main] portico.lrc: FAILURE Regiser sync point [ReadyToRun] by [PatientFederate]: already registered
ERROR [main] portico.lrc: FAILURE Register sync point [ReadyToRun] by [PatientFederate]: label already registered
ERROR [main] portico.lrc: Time [365.0] has already passed (lbts:366.0)
org.portico.lrc.compat.JInvalidFederationTime: Time [365.0] has already passed (lbts:366.0)
	at org.portico.lrc.LRCState.checkValidTime(LRCState.java:349)
	at org.portico.lrc.services.object.handlers.outgoing.SendInteractionHandler.process(SendInteractionHandler.java:82)
	at org.portico.utils.messaging.MessageSink.process(MessageSink.java:187)
	at org.portico.impl.hla13.Impl13Helper.processMessage(Impl13Helper.java:123)
	at org.portico.impl.hla13.Rti13Ambassador.processMessage(Rti13Ambassador.java:5822)
	at org.portico.impl.hla13.Rti13Ambassador.sendInteraction(Rti13Ambassador.java:2127)
	at hla13.clinic.doctor.DoctorFederate.sendInteraction(DoctorFederate.java:204)
	at hla13.clinic.doctor.DoctorFederate.runFederate(DoctorFederate.java:103)
	at hla13.clinic.doctor.DoctorFederate.main(DoctorFederate.java:256)
ERROR [main] portico.lrc: federation exists: ExampleFederation
org.portico.lrc.compat.JFederationExecutionAlreadyExists: federation exists: ExampleFederation
	at org.portico.bindings.jgroups.LrcConnection.createFederation(LrcConnection.java:163)
	at org.portico.lrc.services.federation.handlers.outgoing.CreateFederationHandler.process(CreateFederationHandler.java:74)
	at org.portico.utils.messaging.MessageSink.process(MessageSink.java:187)
	at org.portico.impl.hla13.Impl13Helper.processMessage(Impl13Helper.java:123)
	at org.portico.impl.hla13.Rti13Ambassador.processMessage(Rti13Ambassador.java:5822)
	at org.portico.impl.hla13.Rti13Ambassador.createFederationExecution(Rti13Ambassador.java:194)
	at hla13.clinic.patient.PatientFederate.runFederate(PatientFederate.java:32)
	at hla13.clinic.patient.PatientFederate.main(PatientFederate.java:206)
ERROR [main] portico.lrc: FAILURE Regiser sync point [ReadyToRun] by [PatientFederate]: already registered
ERROR [main] portico.lrc: FAILURE Register sync point [ReadyToRun] by [PatientFederate]: label already registered
ERROR [main] portico.lrc: federation exists: ExampleFederation
org.portico.lrc.compat.JFederationExecutionAlreadyExists: federation exists: ExampleFederation
	at org.portico.bindings.jgroups.LrcConnection.createFederation(LrcConnection.java:163)
	at org.portico.lrc.services.federation.handlers.outgoing.CreateFederationHandler.process(CreateFederationHandler.java:74)
	at org.portico.utils.messaging.MessageSink.process(MessageSink.java:187)
	at org.portico.impl.hla13.Impl13Helper.processMessage(Impl13Helper.java:123)
	at org.portico.impl.hla13.Rti13Ambassador.processMessage(Rti13Ambassador.java:5822)
	at org.portico.impl.hla13.Rti13Ambassador.createFederationExecution(Rti13Ambassador.java:194)
	at hla13.clinic.que.QueFederate.runFederate(QueFederate.java:36)
	at hla13.clinic.que.QueFederate.main(QueFederate.java:256)
ERROR [main] portico.lrc: FAILURE Regiser sync point [ReadyToRun] by [QueFederate]: already registered
ERROR [main] portico.lrc: FAILURE Register sync point [ReadyToRun] by [QueFederate]: label already registered
ERROR [main] portico.lrc: Time [728.0] has already passed (lbts:729.0)
org.portico.lrc.compat.JInvalidFederationTime: Time [728.0] has already passed (lbts:729.0)
	at org.portico.lrc.LRCState.checkValidTime(LRCState.java:349)
	at org.portico.lrc.services.object.handlers.outgoing.SendInteractionHandler.process(SendInteractionHandler.java:82)
	at org.portico.utils.messaging.MessageSink.process(MessageSink.java:187)
	at org.portico.impl.hla13.Impl13Helper.processMessage(Impl13Helper.java:123)
	at org.portico.impl.hla13.Rti13Ambassador.processMessage(Rti13Ambassador.java:5822)
	at org.portico.impl.hla13.Rti13Ambassador.sendInteraction(Rti13Ambassador.java:2127)
	at hla13.clinic.doctor.DoctorFederate.sendInteraction(DoctorFederate.java:204)
	at hla13.clinic.doctor.DoctorFederate.runFederate(DoctorFederate.java:103)
	at hla13.clinic.doctor.DoctorFederate.main(DoctorFederate.java:256)
ERROR [main] portico.lrc: federation exists: ExampleFederation
org.portico.lrc.compat.JFederationExecutionAlreadyExists: federation exists: ExampleFederation
	at org.portico.bindings.jgroups.LrcConnection.createFederation(LrcConnection.java:163)
	at org.portico.lrc.services.federation.handlers.outgoing.CreateFederationHandler.process(CreateFederationHandler.java:74)
	at org.portico.utils.messaging.MessageSink.process(MessageSink.java:187)
	at org.portico.impl.hla13.Impl13Helper.processMessage(Impl13Helper.java:123)
	at org.portico.impl.hla13.Rti13Ambassador.processMessage(Rti13Ambassador.java:5822)
	at org.portico.impl.hla13.Rti13Ambassador.createFederationExecution(Rti13Ambassador.java:194)
	at hla13.clinic.patient.PatientFederate.runFederate(PatientFederate.java:32)
	at hla13.clinic.patient.PatientFederate.main(PatientFederate.java:206)
ERROR [main] portico.lrc: federation exists: ExampleFederation
org.portico.lrc.compat.JFederationExecutionAlreadyExists: federation exists: ExampleFederation
	at org.portico.bindings.jgroups.LrcConnection.createFederation(LrcConnection.java:163)
	at org.portico.lrc.services.federation.handlers.outgoing.CreateFederationHandler.process(CreateFederationHandler.java:74)
	at org.portico.utils.messaging.MessageSink.process(MessageSink.java:187)
	at org.portico.impl.hla13.Impl13Helper.processMessage(Impl13Helper.java:123)
	at org.portico.impl.hla13.Rti13Ambassador.processMessage(Rti13Ambassador.java:5822)
	at org.portico.impl.hla13.Rti13Ambassador.createFederationExecution(Rti13Ambassador.java:194)
	at hla13.clinic.que.QueFederate.runFederate(QueFederate.java:36)
	at hla13.clinic.que.QueFederate.main(QueFederate.java:256)
ERROR [main] portico.lrc: FAILURE Register sync point [ReadyToRun] by [PatientFederate]: already announced
ERROR [main] portico.lrc: FAILURE Regiser sync point [ReadyToRun] by [QueFederate]: already registered
ERROR [main] portico.lrc: FAILURE Register sync point [ReadyToRun] by [QueFederate]: label already registered
ERROR [main] portico.lrc: Time [365.0] has already passed (lbts:365.00000000001427)
org.portico.lrc.compat.JInvalidFederationTime: Time [365.0] has already passed (lbts:365.00000000001427)
	at org.portico.lrc.LRCState.checkValidTime(LRCState.java:349)
	at org.portico.lrc.services.object.handlers.outgoing.SendInteractionHandler.process(SendInteractionHandler.java:82)
	at org.portico.utils.messaging.MessageSink.process(MessageSink.java:187)
	at org.portico.impl.hla13.Impl13Helper.processMessage(Impl13Helper.java:123)
	at org.portico.impl.hla13.Rti13Ambassador.processMessage(Rti13Ambassador.java:5822)
	at org.portico.impl.hla13.Rti13Ambassador.sendInteraction(Rti13Ambassador.java:2127)
	at hla13.clinic.doctor.DoctorFederate.sendInteraction(DoctorFederate.java:204)
	at hla13.clinic.doctor.DoctorFederate.runFederate(DoctorFederate.java:103)
	at hla13.clinic.doctor.DoctorFederate.main(DoctorFederate.java:256)
ERROR [main] portico.lrc: federation exists: ExampleFederation
org.portico.lrc.compat.JFederationExecutionAlreadyExists: federation exists: ExampleFederation
	at org.portico.bindings.jgroups.LrcConnection.createFederation(LrcConnection.java:163)
	at org.portico.lrc.services.federation.handlers.outgoing.CreateFederationHandler.process(CreateFederationHandler.java:74)
	at org.portico.utils.messaging.MessageSink.process(MessageSink.java:187)
	at org.portico.impl.hla13.Impl13Helper.processMessage(Impl13Helper.java:123)
	at org.portico.impl.hla13.Rti13Ambassador.processMessage(Rti13Ambassador.java:5822)
	at org.portico.impl.hla13.Rti13Ambassador.createFederationExecution(Rti13Ambassador.java:194)
	at hla13.clinic.que.QueFederate.runFederate(QueFederate.java:36)
	at hla13.clinic.que.QueFederate.main(QueFederate.java:256)
ERROR [main] portico.lrc: FAILURE Register sync point [ReadyToRun] by [QueFederate]: already announced
ERROR [main] portico.lrc: federation exists: ExampleFederation
org.portico.lrc.compat.JFederationExecutionAlreadyExists: federation exists: ExampleFederation
	at org.portico.bindings.jgroups.LrcConnection.createFederation(LrcConnection.java:163)
	at org.portico.lrc.services.federation.handlers.outgoing.CreateFederationHandler.process(CreateFederationHandler.java:74)
	at org.portico.utils.messaging.MessageSink.process(MessageSink.java:187)
	at org.portico.impl.hla13.Impl13Helper.processMessage(Impl13Helper.java:123)
	at org.portico.impl.hla13.Rti13Ambassador.processMessage(Rti13Ambassador.java:5822)
	at org.portico.impl.hla13.Rti13Ambassador.createFederationExecution(Rti13Ambassador.java:194)
	at hla13.clinic.patient.PatientFederate.runFederate(PatientFederate.java:32)
	at hla13.clinic.patient.PatientFederate.main(PatientFederate.java:206)
ERROR [main] portico.lrc: FAILURE Regiser sync point [ReadyToRun] by [PatientFederate]: already registered
ERROR [main] portico.lrc: FAILURE Register sync point [ReadyToRun] by [PatientFederate]: label already registered
ERROR [main] portico.lrc: federation exists: ExampleFederation
org.portico.lrc.compat.JFederationExecutionAlreadyExists: federation exists: ExampleFederation
	at org.portico.bindings.jgroups.LrcConnection.createFederation(LrcConnection.java:163)
	at org.portico.lrc.services.federation.handlers.outgoing.CreateFederationHandler.process(CreateFederationHandler.java:74)
	at org.portico.utils.messaging.MessageSink.process(MessageSink.java:187)
	at org.portico.impl.hla13.Impl13Helper.processMessage(Impl13Helper.java:123)
	at org.portico.impl.hla13.Rti13Ambassador.processMessage(Rti13Ambassador.java:5822)
	at org.portico.impl.hla13.Rti13Ambassador.createFederationExecution(Rti13Ambassador.java:194)
	at hla13.clinic.que.QueFederate.runFederate(QueFederate.java:36)
	at hla13.clinic.que.QueFederate.main(QueFederate.java:256)
ERROR [main] portico.lrc: FAILURE Regiser sync point [ReadyToRun] by [QueFederate]: already registered
ERROR [main] portico.lrc: FAILURE Register sync point [ReadyToRun] by [QueFederate]: label already registered
